<?xml version="1.0" encoding="UTF-8"?>
<testng-results ignored="0" total="2" passed="2" failed="0" skipped="0">
  <reporter-output>
  </reporter-output>
  <suite started-at="2022-07-05T15:57:55 IST" name="Suite" finished-at="2022-07-05T15:59:15 IST" duration-ms="79576">
    <groups>
    </groups>
    <test started-at="2022-07-05T15:57:55 IST" name="Test" finished-at="2022-07-05T15:59:15 IST" duration-ms="79576">
      <class name="com.bobcares.testcases.TC2_YearlyBilling_ServerManagementAndMonitoring">
        <test-method is-config="true" signature="setup(java.lang.String)[pri:0, instance:com.bobcares.testcases.TC2_YearlyBilling_ServerManagementAndMonitoring@2794eab6]" started-at="2022-07-05T15:58:36 IST" name="setup" finished-at="2022-07-05T15:58:46 IST" duration-ms="9407" status="PASS">
          <params>
            <param index="0">
              <value>
                <![CDATA[firefox]]>
              </value>
            </param>
          </params>
          <reporter-output>
          </reporter-output>
        </test-method> <!-- setup -->
        <test-method signature="TC_2()[pri:0, instance:com.bobcares.testcases.TC2_YearlyBilling_ServerManagementAndMonitoring@2794eab6]" started-at="2022-07-05T15:58:46 IST" name="TC_2" finished-at="2022-07-05T15:59:14 IST" duration-ms="28301" status="PASS">
          <reporter-output>
          </reporter-output>
        </test-method> <!-- TC_2 -->
        <test-method is-config="true" signature="tearDown()[pri:0, instance:com.bobcares.testcases.TC2_YearlyBilling_ServerManagementAndMonitoring@2794eab6]" started-at="2022-07-05T15:59:14 IST" name="tearDown" finished-at="2022-07-05T15:59:15 IST" duration-ms="1095" status="PASS">
          <reporter-output>
          </reporter-output>
        </test-method> <!-- tearDown -->
      </class> <!-- com.bobcares.testcases.TC2_YearlyBilling_ServerManagementAndMonitoring -->
      <class name="com.bobcares.testcases.TC1_MonthlyBilling_ServerManagementAndMonitoring">
        <test-method is-config="true" signature="setup(java.lang.String)[pri:0, instance:com.bobcares.testcases.TC1_MonthlyBilling_ServerManagementAndMonitoring@229c6181]" started-at="2022-07-05T15:57:56 IST" name="setup" finished-at="2022-07-05T15:58:06 IST" duration-ms="10799" status="PASS">
          <params>
            <param index="0">
              <value>
                <![CDATA[firefox]]>
              </value>
            </param>
          </params>
          <reporter-output>
          </reporter-output>
        </test-method> <!-- setup -->
        <test-method signature="TC_1()[pri:0, instance:com.bobcares.testcases.TC1_MonthlyBilling_ServerManagementAndMonitoring@229c6181]" started-at="2022-07-05T15:58:06 IST" name="TC_1" finished-at="2022-07-05T15:58:35 IST" duration-ms="28577" status="PASS">
          <reporter-output>
          </reporter-output>
        </test-method> <!-- TC_1 -->
        <test-method is-config="true" signature="tearDown()[pri:0, instance:com.bobcares.testcases.TC1_MonthlyBilling_ServerManagementAndMonitoring@229c6181]" started-at="2022-07-05T15:58:35 IST" name="tearDown" finished-at="2022-07-05T15:58:36 IST" duration-ms="1104" status="PASS">
          <reporter-output>
          </reporter-output>
        </test-method> <!-- tearDown -->
      </class> <!-- com.bobcares.testcases.TC1_MonthlyBilling_ServerManagementAndMonitoring -->
    </test> <!-- Test -->
  </suite> <!-- Suite -->
</testng-results>
