<?xml version="1.0" encoding="UTF-8"?>
<testng-results ignored="0" total="101" passed="93" failed="8" skipped="0">
  <reporter-output>
  </reporter-output>
  <suite started-at="2022-10-17T13:37:57Z" name="Default suite" finished-at="2022-10-17T14:56:45Z" duration-ms="4727478">
    <groups>
    </groups>
    <test started-at="2022-10-17T13:37:57Z" name="Default test" finished-at="2022-10-17T14:56:45Z" duration-ms="4727478">
      <class name="com.bobcares.testcases.branding">
        <test-method signature="f1(java.lang.String, java.lang.String)[pri:0, instance:com.bobcares.testcases.branding@265adfad]" started-at="2022-10-17T19:07:59Z" name="f1" data-provider="data1" finished-at="2022-10-17T19:08:52Z" duration-ms="53362" status="PASS">
          <params>
            <param index="0">
              <value>
                <![CDATA[https://bobcares.com/wp-admin/post.php?post=296120&action=edit&classic-editor]]>
              </value>
            </param>
            <param index="1">
              <value>
                <![CDATA[]]>
              </value>
            </param>
          </params>
          <reporter-output>
          </reporter-output>
        </test-method> <!-- f1 -->
        <test-method signature="f1(java.lang.String, java.lang.String)[pri:0, instance:com.bobcares.testcases.branding@265adfad]" started-at="2022-10-17T19:08:52Z" name="f1" data-provider="data1" finished-at="2022-10-17T19:09:36Z" duration-ms="44246" status="PASS">
          <params>
            <param index="0">
              <value>
                <![CDATA[https://bobcares.com/wp-admin/post.php?post=295616&action=edit&classic-editor]]>
              </value>
            </param>
            <param index="1">
              <value>
                <![CDATA[]]>
              </value>
            </param>
          </params>
          <reporter-output>
          </reporter-output>
        </test-method> <!-- f1 -->
        <test-method signature="f1(java.lang.String, java.lang.String)[pri:0, instance:com.bobcares.testcases.branding@265adfad]" started-at="2022-10-17T19:09:36Z" name="f1" data-provider="data1" finished-at="2022-10-17T19:10:17Z" duration-ms="40273" status="PASS">
          <params>
            <param index="0">
              <value>
                <![CDATA[https://bobcares.com/wp-admin/post.php?post=295678&action=edit&classic-editor]]>
              </value>
            </param>
            <param index="1">
              <value>
                <![CDATA[]]>
              </value>
            </param>
          </params>
          <reporter-output>
          </reporter-output>
        </test-method> <!-- f1 -->
        <test-method signature="f1(java.lang.String, java.lang.String)[pri:0, instance:com.bobcares.testcases.branding@265adfad]" started-at="2022-10-17T19:10:17Z" name="f1" data-provider="data1" finished-at="2022-10-17T19:10:59Z" duration-ms="42417" status="PASS">
          <params>
            <param index="0">
              <value>
                <![CDATA[https://bobcares.com/wp-admin/post.php?post=295710&action=edit&classic-editor]]>
              </value>
            </param>
            <param index="1">
              <value>
                <![CDATA[]]>
              </value>
            </param>
          </params>
          <reporter-output>
          </reporter-output>
        </test-method> <!-- f1 -->
        <test-method signature="f1(java.lang.String, java.lang.String)[pri:0, instance:com.bobcares.testcases.branding@265adfad]" started-at="2022-10-17T19:10:59Z" name="f1" data-provider="data1" finished-at="2022-10-17T19:11:46Z" duration-ms="46611" status="PASS">
          <params>
            <param index="0">
              <value>
                <![CDATA[https://bobcares.com/wp-admin/post.php?post=295797&action=edit&classic-editor]]>
              </value>
            </param>
            <param index="1">
              <value>
                <![CDATA[]]>
              </value>
            </param>
          </params>
          <reporter-output>
          </reporter-output>
        </test-method> <!-- f1 -->
        <test-method signature="f1(java.lang.String, java.lang.String)[pri:0, instance:com.bobcares.testcases.branding@265adfad]" started-at="2022-10-17T19:11:46Z" name="f1" data-provider="data1" finished-at="2022-10-17T19:12:26Z" duration-ms="40165" status="PASS">
          <params>
            <param index="0">
              <value>
                <![CDATA[https://bobcares.com/wp-admin/post.php?post=295735&action=edit&classic-editor]]>
              </value>
            </param>
            <param index="1">
              <value>
                <![CDATA[]]>
              </value>
            </param>
          </params>
          <reporter-output>
          </reporter-output>
        </test-method> <!-- f1 -->
        <test-method signature="f1(java.lang.String, java.lang.String)[pri:0, instance:com.bobcares.testcases.branding@265adfad]" started-at="2022-10-17T19:12:26Z" name="f1" data-provider="data1" finished-at="2022-10-17T19:13:08Z" duration-ms="41798" status="PASS">
          <params>
            <param index="0">
              <value>
                <![CDATA[https://bobcares.com/wp-admin/post.php?post=295784&action=edit&classic-editor]]>
              </value>
            </param>
            <param index="1">
              <value>
                <![CDATA[]]>
              </value>
            </param>
          </params>
          <reporter-output>
          </reporter-output>
        </test-method> <!-- f1 -->
        <test-method signature="f1(java.lang.String, java.lang.String)[pri:0, instance:com.bobcares.testcases.branding@265adfad]" started-at="2022-10-17T19:13:08Z" name="f1" data-provider="data1" finished-at="2022-10-17T19:13:49Z" duration-ms="40776" status="PASS">
          <params>
            <param index="0">
              <value>
                <![CDATA[https://bobcares.com/wp-admin/post.php?post=295713&action=edit&classic-editor]]>
              </value>
            </param>
            <param index="1">
              <value>
                <![CDATA[]]>
              </value>
            </param>
          </params>
          <reporter-output>
          </reporter-output>
        </test-method> <!-- f1 -->
        <test-method signature="f1(java.lang.String, java.lang.String)[pri:0, instance:com.bobcares.testcases.branding@265adfad]" started-at="2022-10-17T19:13:49Z" name="f1" data-provider="data1" finished-at="2022-10-17T19:14:36Z" duration-ms="47555" status="PASS">
          <params>
            <param index="0">
              <value>
                <![CDATA[https://bobcares.com/wp-admin/post.php?post=295809&action=edit&classic-editor]]>
              </value>
            </param>
            <param index="1">
              <value>
                <![CDATA[]]>
              </value>
            </param>
          </params>
          <reporter-output>
          </reporter-output>
        </test-method> <!-- f1 -->
        <test-method signature="f1(java.lang.String, java.lang.String)[pri:0, instance:com.bobcares.testcases.branding@265adfad]" started-at="2022-10-17T19:14:36Z" name="f1" data-provider="data1" finished-at="2022-10-17T19:15:23Z" duration-ms="47248" status="PASS">
          <params>
            <param index="0">
              <value>
                <![CDATA[https://bobcares.com/wp-admin/post.php?post=295877&action=edit&classic-editor]]>
              </value>
            </param>
            <param index="1">
              <value>
                <![CDATA[]]>
              </value>
            </param>
          </params>
          <reporter-output>
          </reporter-output>
        </test-method> <!-- f1 -->
        <test-method signature="f1(java.lang.String, java.lang.String)[pri:0, instance:com.bobcares.testcases.branding@265adfad]" started-at="2022-10-17T19:15:23Z" name="f1" data-provider="data1" finished-at="2022-10-17T19:16:08Z" duration-ms="44208" status="PASS">
          <params>
            <param index="0">
              <value>
                <![CDATA[https://bobcares.com/wp-admin/post.php?post=296239&action=edit&classic-editor]]>
              </value>
            </param>
            <param index="1">
              <value>
                <![CDATA[]]>
              </value>
            </param>
          </params>
          <reporter-output>
          </reporter-output>
        </test-method> <!-- f1 -->
        <test-method signature="f1(java.lang.String, java.lang.String)[pri:0, instance:com.bobcares.testcases.branding@265adfad]" started-at="2022-10-17T19:16:08Z" name="f1" data-provider="data1" finished-at="2022-10-17T19:16:50Z" duration-ms="42684" status="PASS">
          <params>
            <param index="0">
              <value>
                <![CDATA[https://bobcares.com/wp-admin/post.php?post=295766&action=edit&classic-editor]]>
              </value>
            </param>
            <param index="1">
              <value>
                <![CDATA[]]>
              </value>
            </param>
          </params>
          <reporter-output>
          </reporter-output>
        </test-method> <!-- f1 -->
        <test-method signature="f1(java.lang.String, java.lang.String)[pri:0, instance:com.bobcares.testcases.branding@265adfad]" started-at="2022-10-17T19:16:50Z" name="f1" data-provider="data1" finished-at="2022-10-17T19:17:29Z" duration-ms="38297" status="PASS">
          <params>
            <param index="0">
              <value>
                <![CDATA[https://bobcares.com/wp-admin/post.php?post=295776&action=edit&classic-editor]]>
              </value>
            </param>
            <param index="1">
              <value>
                <![CDATA[]]>
              </value>
            </param>
          </params>
          <reporter-output>
          </reporter-output>
        </test-method> <!-- f1 -->
        <test-method signature="f1(java.lang.String, java.lang.String)[pri:0, instance:com.bobcares.testcases.branding@265adfad]" started-at="2022-10-17T19:17:29Z" name="f1" data-provider="data1" finished-at="2022-10-17T19:18:17Z" duration-ms="48694" status="PASS">
          <params>
            <param index="0">
              <value>
                <![CDATA[https://bobcares.com/wp-admin/post.php?post=295801&action=edit&classic-editor]]>
              </value>
            </param>
            <param index="1">
              <value>
                <![CDATA[]]>
              </value>
            </param>
          </params>
          <reporter-output>
          </reporter-output>
        </test-method> <!-- f1 -->
        <test-method signature="f1(java.lang.String, java.lang.String)[pri:0, instance:com.bobcares.testcases.branding@265adfad]" started-at="2022-10-17T19:18:17Z" name="f1" data-provider="data1" finished-at="2022-10-17T19:19:03Z" duration-ms="45409" status="PASS">
          <params>
            <param index="0">
              <value>
                <![CDATA[https://bobcares.com/wp-admin/post.php?post=295968&action=edit&classic-editor]]>
              </value>
            </param>
            <param index="1">
              <value>
                <![CDATA[]]>
              </value>
            </param>
          </params>
          <reporter-output>
          </reporter-output>
        </test-method> <!-- f1 -->
        <test-method signature="f1(java.lang.String, java.lang.String)[pri:0, instance:com.bobcares.testcases.branding@265adfad]" started-at="2022-10-17T19:19:03Z" name="f1" data-provider="data1" finished-at="2022-10-17T19:19:51Z" duration-ms="48030" status="PASS">
          <params>
            <param index="0">
              <value>
                <![CDATA[https://bobcares.com/wp-admin/post.php?post=296277&action=edit&classic-editor]]>
              </value>
            </param>
            <param index="1">
              <value>
                <![CDATA[]]>
              </value>
            </param>
          </params>
          <reporter-output>
          </reporter-output>
        </test-method> <!-- f1 -->
        <test-method signature="f1(java.lang.String, java.lang.String)[pri:0, instance:com.bobcares.testcases.branding@265adfad]" started-at="2022-10-17T19:19:51Z" name="f1" data-provider="data1" finished-at="2022-10-17T19:20:30Z" duration-ms="39445" status="PASS">
          <params>
            <param index="0">
              <value>
                <![CDATA[https://bobcares.com/wp-admin/post.php?post=295803&action=edit&classic-editor]]>
              </value>
            </param>
            <param index="1">
              <value>
                <![CDATA[]]>
              </value>
            </param>
          </params>
          <reporter-output>
          </reporter-output>
        </test-method> <!-- f1 -->
        <test-method signature="f1(java.lang.String, java.lang.String)[pri:0, instance:com.bobcares.testcases.branding@265adfad]" started-at="2022-10-17T19:20:30Z" name="f1" data-provider="data1" finished-at="2022-10-17T19:21:14Z" duration-ms="44140" status="PASS">
          <params>
            <param index="0">
              <value>
                <![CDATA[https://bobcares.com/wp-admin/post.php?post=295786&action=edit&classic-editor]]>
              </value>
            </param>
            <param index="1">
              <value>
                <![CDATA[]]>
              </value>
            </param>
          </params>
          <reporter-output>
          </reporter-output>
        </test-method> <!-- f1 -->
        <test-method signature="f1(java.lang.String, java.lang.String)[pri:0, instance:com.bobcares.testcases.branding@265adfad]" started-at="2022-10-17T19:21:14Z" name="f1" data-provider="data1" finished-at="2022-10-17T19:21:59Z" duration-ms="44459" status="PASS">
          <params>
            <param index="0">
              <value>
                <![CDATA[https://bobcares.com/wp-admin/post.php?post=295944&action=edit&classic-editor]]>
              </value>
            </param>
            <param index="1">
              <value>
                <![CDATA[]]>
              </value>
            </param>
          </params>
          <reporter-output>
          </reporter-output>
        </test-method> <!-- f1 -->
        <test-method signature="f1(java.lang.String, java.lang.String)[pri:0, instance:com.bobcares.testcases.branding@265adfad]" started-at="2022-10-17T19:21:59Z" name="f1" data-provider="data1" finished-at="2022-10-17T19:22:41Z" duration-ms="42147" status="PASS">
          <params>
            <param index="0">
              <value>
                <![CDATA[https://bobcares.com/wp-admin/post.php?post=296078&action=edit&classic-editor]]>
              </value>
            </param>
            <param index="1">
              <value>
                <![CDATA[]]>
              </value>
            </param>
          </params>
          <reporter-output>
          </reporter-output>
        </test-method> <!-- f1 -->
        <test-method signature="f1(java.lang.String, java.lang.String)[pri:0, instance:com.bobcares.testcases.branding@265adfad]" started-at="2022-10-17T19:22:41Z" name="f1" data-provider="data1" finished-at="2022-10-17T19:23:25Z" duration-ms="44595" status="PASS">
          <params>
            <param index="0">
              <value>
                <![CDATA[https://bobcares.com/wp-admin/post.php?post=296281&action=edit&classic-editor]]>
              </value>
            </param>
            <param index="1">
              <value>
                <![CDATA[]]>
              </value>
            </param>
          </params>
          <reporter-output>
          </reporter-output>
        </test-method> <!-- f1 -->
        <test-method signature="f1(java.lang.String, java.lang.String)[pri:0, instance:com.bobcares.testcases.branding@265adfad]" started-at="2022-10-17T19:23:25Z" name="f1" data-provider="data1" finished-at="2022-10-17T19:24:10Z" duration-ms="44924" status="PASS">
          <params>
            <param index="0">
              <value>
                <![CDATA[https://bobcares.com/wp-admin/post.php?post=296304&action=edit&classic-editor]]>
              </value>
            </param>
            <param index="1">
              <value>
                <![CDATA[]]>
              </value>
            </param>
          </params>
          <reporter-output>
          </reporter-output>
        </test-method> <!-- f1 -->
        <test-method signature="f1(java.lang.String, java.lang.String)[pri:0, instance:com.bobcares.testcases.branding@265adfad]" started-at="2022-10-17T19:24:10Z" name="f1" data-provider="data1" finished-at="2022-10-17T19:25:00Z" duration-ms="49611" status="PASS">
          <params>
            <param index="0">
              <value>
                <![CDATA[https://bobcares.com/wp-admin/post.php?post=295957&action=edit&classic-editor]]>
              </value>
            </param>
            <param index="1">
              <value>
                <![CDATA[]]>
              </value>
            </param>
          </params>
          <reporter-output>
          </reporter-output>
        </test-method> <!-- f1 -->
        <test-method signature="f1(java.lang.String, java.lang.String)[pri:0, instance:com.bobcares.testcases.branding@265adfad]" started-at="2022-10-17T19:25:00Z" name="f1" data-provider="data1" finished-at="2022-10-17T19:25:45Z" duration-ms="44997" status="PASS">
          <params>
            <param index="0">
              <value>
                <![CDATA[https://bobcares.com/wp-admin/post.php?post=296068&action=edit&classic-editor]]>
              </value>
            </param>
            <param index="1">
              <value>
                <![CDATA[]]>
              </value>
            </param>
          </params>
          <reporter-output>
          </reporter-output>
        </test-method> <!-- f1 -->
        <test-method signature="f1(java.lang.String, java.lang.String)[pri:0, instance:com.bobcares.testcases.branding@265adfad]" started-at="2022-10-17T19:25:45Z" name="f1" data-provider="data1" finished-at="2022-10-17T19:26:31Z" duration-ms="46426" status="PASS">
          <params>
            <param index="0">
              <value>
                <![CDATA[https://bobcares.com/wp-admin/post.php?post=295966&action=edit&classic-editor]]>
              </value>
            </param>
            <param index="1">
              <value>
                <![CDATA[]]>
              </value>
            </param>
          </params>
          <reporter-output>
          </reporter-output>
        </test-method> <!-- f1 -->
        <test-method signature="f1(java.lang.String, java.lang.String)[pri:0, instance:com.bobcares.testcases.branding@265adfad]" started-at="2022-10-17T19:26:31Z" name="f1" data-provider="data1" finished-at="2022-10-17T19:27:15Z" duration-ms="43849" status="PASS">
          <params>
            <param index="0">
              <value>
                <![CDATA[https://bobcares.com/wp-admin/post.php?post=296380&action=edit&classic-editor]]>
              </value>
            </param>
            <param index="1">
              <value>
                <![CDATA[]]>
              </value>
            </param>
          </params>
          <reporter-output>
          </reporter-output>
        </test-method> <!-- f1 -->
        <test-method signature="f1(java.lang.String, java.lang.String)[pri:0, instance:com.bobcares.testcases.branding@265adfad]" started-at="2022-10-17T19:27:15Z" name="f1" data-provider="data1" finished-at="2022-10-17T19:27:57Z" duration-ms="41914" status="PASS">
          <params>
            <param index="0">
              <value>
                <![CDATA[https://bobcares.com/wp-admin/post.php?post=296374&action=edit&classic-editor]]>
              </value>
            </param>
            <param index="1">
              <value>
                <![CDATA[]]>
              </value>
            </param>
          </params>
          <reporter-output>
          </reporter-output>
        </test-method> <!-- f1 -->
        <test-method signature="f1(java.lang.String, java.lang.String)[pri:0, instance:com.bobcares.testcases.branding@265adfad]" started-at="2022-10-17T19:27:57Z" name="f1" data-provider="data1" finished-at="2022-10-17T19:29:01Z" duration-ms="63998" status="PASS">
          <params>
            <param index="0">
              <value>
                <![CDATA[https://bobcares.com/wp-admin/post.php?post=296011&action=edit&classic-editor]]>
              </value>
            </param>
            <param index="1">
              <value>
                <![CDATA[]]>
              </value>
            </param>
          </params>
          <reporter-output>
          </reporter-output>
        </test-method> <!-- f1 -->
        <test-method signature="f1(java.lang.String, java.lang.String)[pri:0, instance:com.bobcares.testcases.branding@265adfad]" started-at="2022-10-17T19:29:01Z" name="f1" data-provider="data1" finished-at="2022-10-17T19:30:06Z" duration-ms="64741" status="PASS">
          <params>
            <param index="0">
              <value>
                <![CDATA[https://bobcares.com/wp-admin/post.php?post=295949&action=edit&classic-editor]]>
              </value>
            </param>
            <param index="1">
              <value>
                <![CDATA[]]>
              </value>
            </param>
          </params>
          <reporter-output>
          </reporter-output>
        </test-method> <!-- f1 -->
        <test-method signature="f1(java.lang.String, java.lang.String)[pri:0, instance:com.bobcares.testcases.branding@265adfad]" started-at="2022-10-17T19:30:06Z" name="f1" data-provider="data1" finished-at="2022-10-17T19:31:09Z" duration-ms="63237" status="PASS">
          <params>
            <param index="0">
              <value>
                <![CDATA[https://bobcares.com/wp-admin/post.php?post=295795&action=edit&classic-editor]]>
              </value>
            </param>
            <param index="1">
              <value>
                <![CDATA[]]>
              </value>
            </param>
          </params>
          <reporter-output>
          </reporter-output>
        </test-method> <!-- f1 -->
        <test-method signature="f1(java.lang.String, java.lang.String)[pri:0, instance:com.bobcares.testcases.branding@265adfad]" started-at="2022-10-17T19:31:09Z" name="f1" data-provider="data1" finished-at="2022-10-17T19:32:08Z" duration-ms="58368" status="PASS">
          <params>
            <param index="0">
              <value>
                <![CDATA[https://bobcares.com/wp-admin/post.php?post=296081&action=edit&classic-editor]]>
              </value>
            </param>
            <param index="1">
              <value>
                <![CDATA[]]>
              </value>
            </param>
          </params>
          <reporter-output>
          </reporter-output>
        </test-method> <!-- f1 -->
        <test-method signature="f1(java.lang.String, java.lang.String)[pri:0, instance:com.bobcares.testcases.branding@265adfad]" started-at="2022-10-17T19:32:08Z" name="f1" data-provider="data1" finished-at="2022-10-17T19:33:05Z" duration-ms="57304" status="PASS">
          <params>
            <param index="0">
              <value>
                <![CDATA[https://bobcares.com/wp-admin/post.php?post=295986&action=edit&classic-editor]]>
              </value>
            </param>
            <param index="1">
              <value>
                <![CDATA[]]>
              </value>
            </param>
          </params>
          <reporter-output>
          </reporter-output>
        </test-method> <!-- f1 -->
        <test-method signature="f1(java.lang.String, java.lang.String)[pri:0, instance:com.bobcares.testcases.branding@265adfad]" started-at="2022-10-17T19:33:05Z" name="f1" data-provider="data1" finished-at="2022-10-17T19:33:49Z" duration-ms="44428" status="PASS">
          <params>
            <param index="0">
              <value>
                <![CDATA[https://bobcares.com/wp-admin/post.php?post=295984&action=edit&classic-editor]]>
              </value>
            </param>
            <param index="1">
              <value>
                <![CDATA[]]>
              </value>
            </param>
          </params>
          <reporter-output>
          </reporter-output>
        </test-method> <!-- f1 -->
        <test-method signature="f1(java.lang.String, java.lang.String)[pri:0, instance:com.bobcares.testcases.branding@265adfad]" started-at="2022-10-17T19:33:49Z" name="f1" data-provider="data1" finished-at="2022-10-17T19:34:34Z" duration-ms="44432" status="PASS">
          <params>
            <param index="0">
              <value>
                <![CDATA[https://bobcares.com/wp-admin/post.php?post=295981&action=edit&classic-editor]]>
              </value>
            </param>
            <param index="1">
              <value>
                <![CDATA[]]>
              </value>
            </param>
          </params>
          <reporter-output>
          </reporter-output>
        </test-method> <!-- f1 -->
        <test-method signature="f1(java.lang.String, java.lang.String)[pri:0, instance:com.bobcares.testcases.branding@265adfad]" started-at="2022-10-17T19:34:34Z" name="f1" data-provider="data1" finished-at="2022-10-17T19:35:24Z" duration-ms="50562" status="PASS">
          <params>
            <param index="0">
              <value>
                <![CDATA[https://bobcares.com/wp-admin/post.php?post=296265&action=edit&classic-editor]]>
              </value>
            </param>
            <param index="1">
              <value>
                <![CDATA[]]>
              </value>
            </param>
          </params>
          <reporter-output>
          </reporter-output>
        </test-method> <!-- f1 -->
        <test-method signature="f1(java.lang.String, java.lang.String)[pri:0, instance:com.bobcares.testcases.branding@265adfad]" started-at="2022-10-17T19:35:24Z" name="f1" data-provider="data1" finished-at="2022-10-17T19:36:12Z" duration-ms="47924" status="PASS">
          <params>
            <param index="0">
              <value>
                <![CDATA[https://bobcares.com/wp-admin/post.php?post=295875&action=edit&classic-editor]]>
              </value>
            </param>
            <param index="1">
              <value>
                <![CDATA[]]>
              </value>
            </param>
          </params>
          <reporter-output>
          </reporter-output>
        </test-method> <!-- f1 -->
        <test-method signature="f1(java.lang.String, java.lang.String)[pri:0, instance:com.bobcares.testcases.branding@265adfad]" started-at="2022-10-17T19:36:12Z" name="f1" data-provider="data1" finished-at="2022-10-17T19:36:58Z" duration-ms="45542" status="PASS">
          <params>
            <param index="0">
              <value>
                <![CDATA[https://bobcares.com/wp-admin/post.php?post=296523&action=edit&classic-editor]]>
              </value>
            </param>
            <param index="1">
              <value>
                <![CDATA[]]>
              </value>
            </param>
          </params>
          <reporter-output>
          </reporter-output>
        </test-method> <!-- f1 -->
        <test-method signature="f1(java.lang.String, java.lang.String)[pri:0, instance:com.bobcares.testcases.branding@265adfad]" started-at="2022-10-17T19:36:58Z" name="f1" data-provider="data1" finished-at="2022-10-17T19:37:44Z" duration-ms="46718" status="PASS">
          <params>
            <param index="0">
              <value>
                <![CDATA[https://bobcares.com/wp-admin/post.php?post=296519&action=edit&classic-editor]]>
              </value>
            </param>
            <param index="1">
              <value>
                <![CDATA[]]>
              </value>
            </param>
          </params>
          <reporter-output>
          </reporter-output>
        </test-method> <!-- f1 -->
        <test-method signature="f1(java.lang.String, java.lang.String)[pri:0, instance:com.bobcares.testcases.branding@265adfad]" started-at="2022-10-17T19:37:44Z" name="f1" data-provider="data1" finished-at="2022-10-17T19:38:23Z" duration-ms="39027" status="PASS">
          <params>
            <param index="0">
              <value>
                <![CDATA[https://bobcares.com/wp-admin/post.php?post=296152&action=edit&classic-editor]]>
              </value>
            </param>
            <param index="1">
              <value>
                <![CDATA[]]>
              </value>
            </param>
          </params>
          <reporter-output>
          </reporter-output>
        </test-method> <!-- f1 -->
        <test-method signature="f1(java.lang.String, java.lang.String)[pri:0, instance:com.bobcares.testcases.branding@265adfad]" started-at="2022-10-17T19:38:23Z" name="f1" data-provider="data1" finished-at="2022-10-17T19:39:00Z" duration-ms="36638" status="PASS">
          <params>
            <param index="0">
              <value>
                <![CDATA[https://bobcares.com/wp-admin/post.php?post=295627&action=edit&classic-editor]]>
              </value>
            </param>
            <param index="1">
              <value>
                <![CDATA[]]>
              </value>
            </param>
          </params>
          <reporter-output>
          </reporter-output>
        </test-method> <!-- f1 -->
        <test-method signature="f1(java.lang.String, java.lang.String)[pri:0, instance:com.bobcares.testcases.branding@265adfad]" started-at="2022-10-17T19:39:00Z" name="f1" data-provider="data1" finished-at="2022-10-17T19:39:40Z" duration-ms="39574" status="PASS">
          <params>
            <param index="0">
              <value>
                <![CDATA[https://bobcares.com/wp-admin/post.php?post=295497&action=edit&classic-editor]]>
              </value>
            </param>
            <param index="1">
              <value>
                <![CDATA[]]>
              </value>
            </param>
          </params>
          <reporter-output>
          </reporter-output>
        </test-method> <!-- f1 -->
        <test-method signature="f1(java.lang.String, java.lang.String)[pri:0, instance:com.bobcares.testcases.branding@265adfad]" started-at="2022-10-17T19:39:40Z" name="f1" data-provider="data1" finished-at="2022-10-17T19:40:23Z" duration-ms="43553" status="PASS">
          <params>
            <param index="0">
              <value>
                <![CDATA[https://bobcares.com/wp-admin/post.php?post=296207&action=edit&classic-editor]]>
              </value>
            </param>
            <param index="1">
              <value>
                <![CDATA[]]>
              </value>
            </param>
          </params>
          <reporter-output>
          </reporter-output>
        </test-method> <!-- f1 -->
        <test-method signature="f1(java.lang.String, java.lang.String)[pri:0, instance:com.bobcares.testcases.branding@265adfad]" started-at="2022-10-17T19:40:23Z" name="f1" data-provider="data1" finished-at="2022-10-17T19:41:05Z" duration-ms="42127" status="PASS">
          <params>
            <param index="0">
              <value>
                <![CDATA[https://bobcares.com/wp-admin/post.php?post=296249&action=edit&classic-editor]]>
              </value>
            </param>
            <param index="1">
              <value>
                <![CDATA[]]>
              </value>
            </param>
          </params>
          <reporter-output>
          </reporter-output>
        </test-method> <!-- f1 -->
        <test-method signature="f1(java.lang.String, java.lang.String)[pri:0, instance:com.bobcares.testcases.branding@265adfad]" started-at="2022-10-17T19:41:05Z" name="f1" data-provider="data1" finished-at="2022-10-17T19:41:49Z" duration-ms="43417" status="PASS">
          <params>
            <param index="0">
              <value>
                <![CDATA[https://bobcares.com/wp-admin/post.php?post=296489&action=edit&classic-editor]]>
              </value>
            </param>
            <param index="1">
              <value>
                <![CDATA[]]>
              </value>
            </param>
          </params>
          <reporter-output>
          </reporter-output>
        </test-method> <!-- f1 -->
        <test-method signature="f1(java.lang.String, java.lang.String)[pri:0, instance:com.bobcares.testcases.branding@265adfad]" started-at="2022-10-17T19:41:49Z" name="f1" data-provider="data1" finished-at="2022-10-17T19:42:36Z" duration-ms="47496" status="PASS">
          <params>
            <param index="0">
              <value>
                <![CDATA[https://bobcares.com/wp-admin/post.php?post=296391&action=edit&classic-editor]]>
              </value>
            </param>
            <param index="1">
              <value>
                <![CDATA[]]>
              </value>
            </param>
          </params>
          <reporter-output>
          </reporter-output>
        </test-method> <!-- f1 -->
        <test-method signature="f1(java.lang.String, java.lang.String)[pri:0, instance:com.bobcares.testcases.branding@265adfad]" started-at="2022-10-17T19:42:36Z" name="f1" data-provider="data1" finished-at="2022-10-17T19:43:27Z" duration-ms="51179" status="PASS">
          <params>
            <param index="0">
              <value>
                <![CDATA[https://bobcares.com/wp-admin/post.php?post=296582&action=edit&classic-editor]]>
              </value>
            </param>
            <param index="1">
              <value>
                <![CDATA[]]>
              </value>
            </param>
          </params>
          <reporter-output>
          </reporter-output>
        </test-method> <!-- f1 -->
        <test-method signature="f1(java.lang.String, java.lang.String)[pri:0, instance:com.bobcares.testcases.branding@265adfad]" started-at="2022-10-17T19:43:27Z" name="f1" data-provider="data1" finished-at="2022-10-17T19:44:20Z" duration-ms="52713" status="PASS">
          <params>
            <param index="0">
              <value>
                <![CDATA[https://bobcares.com/wp-admin/post.php?post=296637&action=edit&classic-editor]]>
              </value>
            </param>
            <param index="1">
              <value>
                <![CDATA[]]>
              </value>
            </param>
          </params>
          <reporter-output>
          </reporter-output>
        </test-method> <!-- f1 -->
        <test-method signature="f1(java.lang.String, java.lang.String)[pri:0, instance:com.bobcares.testcases.branding@265adfad]" started-at="2022-10-17T19:44:20Z" name="f1" data-provider="data1" finished-at="2022-10-17T19:45:05Z" duration-ms="45022" status="PASS">
          <params>
            <param index="0">
              <value>
                <![CDATA[https://bobcares.com/wp-admin/post.php?post=296538&action=edit&classic-editor]]>
              </value>
            </param>
            <param index="1">
              <value>
                <![CDATA[]]>
              </value>
            </param>
          </params>
          <reporter-output>
          </reporter-output>
        </test-method> <!-- f1 -->
        <test-method signature="f1(java.lang.String, java.lang.String)[pri:0, instance:com.bobcares.testcases.branding@265adfad]" started-at="2022-10-17T19:45:05Z" name="f1" data-provider="data1" finished-at="2022-10-17T19:45:45Z" duration-ms="40245" status="PASS">
          <params>
            <param index="0">
              <value>
                <![CDATA[https://bobcares.com/wp-admin/post.php?post=296452&action=edit&classic-editor]]>
              </value>
            </param>
            <param index="1">
              <value>
                <![CDATA[]]>
              </value>
            </param>
          </params>
          <reporter-output>
          </reporter-output>
        </test-method> <!-- f1 -->
        <test-method signature="f1(java.lang.String, java.lang.String)[pri:0, instance:com.bobcares.testcases.branding@265adfad]" started-at="2022-10-17T19:45:45Z" name="f1" data-provider="data1" finished-at="2022-10-17T19:46:32Z" duration-ms="46311" status="PASS">
          <params>
            <param index="0">
              <value>
                <![CDATA[https://bobcares.com/wp-admin/post.php?post=296389&action=edit&classic-editor]]>
              </value>
            </param>
            <param index="1">
              <value>
                <![CDATA[]]>
              </value>
            </param>
          </params>
          <reporter-output>
          </reporter-output>
        </test-method> <!-- f1 -->
        <test-method signature="f1(java.lang.String, java.lang.String)[pri:0, instance:com.bobcares.testcases.branding@265adfad]" started-at="2022-10-17T19:46:32Z" name="f1" data-provider="data1" finished-at="2022-10-17T19:47:16Z" duration-ms="44207" status="PASS">
          <params>
            <param index="0">
              <value>
                <![CDATA[https://bobcares.com/wp-admin/post.php?post=296531&action=edit&classic-editor]]>
              </value>
            </param>
            <param index="1">
              <value>
                <![CDATA[]]>
              </value>
            </param>
          </params>
          <reporter-output>
          </reporter-output>
        </test-method> <!-- f1 -->
        <test-method signature="f1(java.lang.String, java.lang.String)[pri:0, instance:com.bobcares.testcases.branding@265adfad]" started-at="2022-10-17T19:47:16Z" name="f1" data-provider="data1" finished-at="2022-10-17T19:47:55Z" duration-ms="38756" status="PASS">
          <params>
            <param index="0">
              <value>
                <![CDATA[https://bobcares.com/wp-admin/post.php?post=296556&action=edit&classic-editor]]>
              </value>
            </param>
            <param index="1">
              <value>
                <![CDATA[]]>
              </value>
            </param>
          </params>
          <reporter-output>
          </reporter-output>
        </test-method> <!-- f1 -->
        <test-method signature="f1(java.lang.String, java.lang.String)[pri:0, instance:com.bobcares.testcases.branding@265adfad]" started-at="2022-10-17T19:47:55Z" name="f1" data-provider="data1" finished-at="2022-10-17T19:48:36Z" duration-ms="41597" status="PASS">
          <params>
            <param index="0">
              <value>
                <![CDATA[https://bobcares.com/wp-admin/post.php?post=296527&action=edit&classic-editor]]>
              </value>
            </param>
            <param index="1">
              <value>
                <![CDATA[]]>
              </value>
            </param>
          </params>
          <reporter-output>
          </reporter-output>
        </test-method> <!-- f1 -->
        <test-method signature="f1(java.lang.String, java.lang.String)[pri:0, instance:com.bobcares.testcases.branding@265adfad]" started-at="2022-10-17T19:48:36Z" name="f1" data-provider="data1" finished-at="2022-10-17T19:49:22Z" duration-ms="45457" status="PASS">
          <params>
            <param index="0">
              <value>
                <![CDATA[https://bobcares.com/wp-admin/post.php?post=296018&action=edit&classic-editor]]>
              </value>
            </param>
            <param index="1">
              <value>
                <![CDATA[]]>
              </value>
            </param>
          </params>
          <reporter-output>
          </reporter-output>
        </test-method> <!-- f1 -->
        <test-method signature="f1(java.lang.String, java.lang.String)[pri:0, instance:com.bobcares.testcases.branding@265adfad]" started-at="2022-10-17T19:49:22Z" name="f1" data-provider="data1" finished-at="2022-10-17T19:49:56Z" duration-ms="34261" status="FAIL">
          <params>
            <param index="0">
              <value>
                <![CDATA[https://bobcares.com/wp-admin/post.php?post=296588&action=edit&classic-editor]]>
              </value>
            </param>
            <param index="1">
              <value>
                <![CDATA[]]>
              </value>
            </param>
          </params>
          <exception class="org.openqa.selenium.ElementNotInteractableException">
            <message>
              <![CDATA[Element <span class="screen-reader-text"> could not be scrolled into viewBuild info: version: '3.141.59', revision: 'e82be7d358', time: '2018-11-14T08:25:59'System info: host: 'DESKTOP-LHVEUFN', ip: '172.17.6.112', os.name: 'Windows 10', os.arch: 'amd64', os.version: '10.0', java.version: '17.0.1'Driver info: org.openqa.selenium.firefox.FirefoxDriverCapabilities {acceptInsecureCerts: true, browserName: firefox, browserVersion: 105.0.3, javascriptEnabled: true, moz:accessibilityChecks: false, moz:buildID: 20221007134813, moz:geckodriverVersion: 0.31.0, moz:headless: true, moz:platformVersion: 10.0, moz:processID: 11932, moz:profile: C:\Users\nandu\AppData\Loca..., moz:shutdownTimeout: 60000, moz:useNonSpecCompliantPointerOrigin: false, moz:webdriverClick: true, moz:windowless: false, pageLoadStrategy: normal, platform: WINDOWS, platformName: WINDOWS, proxy: Proxy(), setWindowRect: true, strictFileInteractability: false, timeouts: {implicit: 0, pageLoad: 300000, script: 30000}, unhandledPromptBehavior: dismiss and notify}Session ID: 45888a70-0857-42da-a432-91f7ef98146a]]>
            </message>
            <full-stacktrace>
              <![CDATA[org.openqa.selenium.ElementNotInteractableException: Element <span class="screen-reader-text"> could not be scrolled into viewBuild info: version: '3.141.59', revision: 'e82be7d358', time: '2018-11-14T08:25:59'System info: host: 'DESKTOP-LHVEUFN', ip: '172.17.6.112', os.name: 'Windows 10', os.arch: 'amd64', os.version: '10.0', java.version: '17.0.1'Driver info: org.openqa.selenium.firefox.FirefoxDriverCapabilities {acceptInsecureCerts: true, browserName: firefox, browserVersion: 105.0.3, javascriptEnabled: true, moz:accessibilityChecks: false, moz:buildID: 20221007134813, moz:geckodriverVersion: 0.31.0, moz:headless: true, moz:platformVersion: 10.0, moz:processID: 11932, moz:profile: C:\Users\nandu\AppData\Loca..., moz:shutdownTimeout: 60000, moz:useNonSpecCompliantPointerOrigin: false, moz:webdriverClick: true, moz:windowless: false, pageLoadStrategy: normal, platform: WINDOWS, platformName: WINDOWS, proxy: Proxy(), setWindowRect: true, strictFileInteractability: false, timeouts: {implicit: 0, pageLoad: 300000, script: 30000}, unhandledPromptBehavior: dismiss and notify}Session ID: 45888a70-0857-42da-a432-91f7ef98146aat java.base/jdk.internal.reflect.NativeConstructorAccessorImpl.newInstance0(Native Method)at java.base/jdk.internal.reflect.NativeConstructorAccessorImpl.newInstance(NativeConstructorAccessorImpl.java:77)at java.base/jdk.internal.reflect.DelegatingConstructorAccessorImpl.newInstance(DelegatingConstructorAccessorImpl.java:45)at java.base/java.lang.reflect.Constructor.newInstanceWithCaller(Constructor.java:499)at java.base/java.lang.reflect.Constructor.newInstance(Constructor.java:480)at org.openqa.selenium.remote.http.W3CHttpResponseCodec.createException(W3CHttpResponseCodec.java:187)at org.openqa.selenium.remote.http.W3CHttpResponseCodec.decode(W3CHttpResponseCodec.java:122)at org.openqa.selenium.remote.http.W3CHttpResponseCodec.decode(W3CHttpResponseCodec.java:49)at org.openqa.selenium.remote.HttpCommandExecutor.execute(HttpCommandExecutor.java:158)at org.openqa.selenium.remote.service.DriverCommandExecutor.execute(DriverCommandExecutor.java:83)at org.openqa.selenium.remote.RemoteWebDriver.execute(RemoteWebDriver.java:552)at org.openqa.selenium.remote.RemoteWebElement.execute(RemoteWebElement.java:285)at org.openqa.selenium.remote.RemoteWebElement.click(RemoteWebElement.java:84)at com.bobcares.testcases.branding.f1(branding.java:66)at jdk.internal.reflect.GeneratedMethodAccessor5.invoke(Unknown Source)at java.base/jdk.internal.reflect.DelegatingMethodAccessorImpl.invoke(DelegatingMethodAccessorImpl.java:43)at java.base/java.lang.reflect.Method.invoke(Method.java:568)at org.testng.internal.MethodInvocationHelper.invokeMethod(MethodInvocationHelper.java:124)at org.testng.internal.Invoker.invokeMethod(Invoker.java:571)at org.testng.internal.Invoker.invokeTestMethod(Invoker.java:707)at org.testng.internal.Invoker.invokeTestMethods(Invoker.java:979)at org.testng.internal.TestMethodWorker.invokeTestMethods(TestMethodWorker.java:125)at org.testng.internal.TestMethodWorker.run(TestMethodWorker.java:109)at org.testng.TestRunner.privateRun(TestRunner.java:648)at org.testng.TestRunner.run(TestRunner.java:505)at org.testng.SuiteRunner.runTest(SuiteRunner.java:455)at org.testng.SuiteRunner.runSequentially(SuiteRunner.java:450)at org.testng.SuiteRunner.privateRun(SuiteRunner.java:415)at org.testng.SuiteRunner.run(SuiteRunner.java:364)at org.testng.SuiteRunnerWorker.runSuite(SuiteRunnerWorker.java:52)at org.testng.SuiteRunnerWorker.run(SuiteRunnerWorker.java:84)at org.testng.TestNG.runSuitesSequentially(TestNG.java:1187)at org.testng.TestNG.runSuitesLocally(TestNG.java:1116)at org.testng.TestNG.runSuites(TestNG.java:1028)at org.testng.TestNG.run(TestNG.java:996)at org.testng.remote.AbstractRemoteTestNG.run(AbstractRemoteTestNG.java:115)at org.testng.remote.RemoteTestNG.initAndRun(RemoteTestNG.java:251)at org.testng.remote.RemoteTestNG.main(RemoteTestNG.java:77)]]>
            </full-stacktrace>
          </exception> <!-- org.openqa.selenium.ElementNotInteractableException -->
          <reporter-output>
          </reporter-output>
        </test-method> <!-- f1 -->
        <test-method signature="f1(java.lang.String, java.lang.String)[pri:0, instance:com.bobcares.testcases.branding@265adfad]" started-at="2022-10-17T19:49:56Z" name="f1" data-provider="data1" finished-at="2022-10-17T19:50:24Z" duration-ms="28327" status="FAIL">
          <params>
            <param index="0">
              <value>
                <![CDATA[https://bobcares.com/wp-admin/post.php?post=296700&action=edit&classic-editor]]>
              </value>
            </param>
            <param index="1">
              <value>
                <![CDATA[]]>
              </value>
            </param>
          </params>
          <exception class="org.openqa.selenium.NoSuchElementException">
            <message>
              <![CDATA[Unable to locate element: //span[contains(text(),'Insights')]For documentation on this error, please visit: https://www.seleniumhq.org/exceptions/no_such_element.htmlBuild info: version: '3.141.59', revision: 'e82be7d358', time: '2018-11-14T08:25:59'System info: host: 'DESKTOP-LHVEUFN', ip: '172.17.6.112', os.name: 'Windows 10', os.arch: 'amd64', os.version: '10.0', java.version: '17.0.1'Driver info: org.openqa.selenium.firefox.FirefoxDriverCapabilities {acceptInsecureCerts: true, browserName: firefox, browserVersion: 105.0.3, javascriptEnabled: true, moz:accessibilityChecks: false, moz:buildID: 20221007134813, moz:geckodriverVersion: 0.31.0, moz:headless: true, moz:platformVersion: 10.0, moz:processID: 12108, moz:profile: C:\Users\nandu\AppData\Loca..., moz:shutdownTimeout: 60000, moz:useNonSpecCompliantPointerOrigin: false, moz:webdriverClick: true, moz:windowless: false, pageLoadStrategy: normal, platform: WINDOWS, platformName: WINDOWS, proxy: Proxy(), setWindowRect: true, strictFileInteractability: false, timeouts: {implicit: 0, pageLoad: 300000, script: 30000}, unhandledPromptBehavior: dismiss and notify}Session ID: d321bc57-143b-43ad-bea4-5e375cee8b97*** Element info: {Using=xpath, value=//span[contains(text(),'Insights')]}]]>
            </message>
            <full-stacktrace>
              <![CDATA[org.openqa.selenium.NoSuchElementException: Unable to locate element: //span[contains(text(),'Insights')]For documentation on this error, please visit: https://www.seleniumhq.org/exceptions/no_such_element.htmlBuild info: version: '3.141.59', revision: 'e82be7d358', time: '2018-11-14T08:25:59'System info: host: 'DESKTOP-LHVEUFN', ip: '172.17.6.112', os.name: 'Windows 10', os.arch: 'amd64', os.version: '10.0', java.version: '17.0.1'Driver info: org.openqa.selenium.firefox.FirefoxDriverCapabilities {acceptInsecureCerts: true, browserName: firefox, browserVersion: 105.0.3, javascriptEnabled: true, moz:accessibilityChecks: false, moz:buildID: 20221007134813, moz:geckodriverVersion: 0.31.0, moz:headless: true, moz:platformVersion: 10.0, moz:processID: 12108, moz:profile: C:\Users\nandu\AppData\Loca..., moz:shutdownTimeout: 60000, moz:useNonSpecCompliantPointerOrigin: false, moz:webdriverClick: true, moz:windowless: false, pageLoadStrategy: normal, platform: WINDOWS, platformName: WINDOWS, proxy: Proxy(), setWindowRect: true, strictFileInteractability: false, timeouts: {implicit: 0, pageLoad: 300000, script: 30000}, unhandledPromptBehavior: dismiss and notify}Session ID: d321bc57-143b-43ad-bea4-5e375cee8b97*** Element info: {Using=xpath, value=//span[contains(text(),'Insights')]}at java.base/jdk.internal.reflect.NativeConstructorAccessorImpl.newInstance0(Native Method)at java.base/jdk.internal.reflect.NativeConstructorAccessorImpl.newInstance(NativeConstructorAccessorImpl.java:77)at java.base/jdk.internal.reflect.DelegatingConstructorAccessorImpl.newInstance(DelegatingConstructorAccessorImpl.java:45)at java.base/java.lang.reflect.Constructor.newInstanceWithCaller(Constructor.java:499)at java.base/java.lang.reflect.Constructor.newInstance(Constructor.java:480)at org.openqa.selenium.remote.http.W3CHttpResponseCodec.createException(W3CHttpResponseCodec.java:187)at org.openqa.selenium.remote.http.W3CHttpResponseCodec.decode(W3CHttpResponseCodec.java:122)at org.openqa.selenium.remote.http.W3CHttpResponseCodec.decode(W3CHttpResponseCodec.java:49)at org.openqa.selenium.remote.HttpCommandExecutor.execute(HttpCommandExecutor.java:158)at org.openqa.selenium.remote.service.DriverCommandExecutor.execute(DriverCommandExecutor.java:83)at org.openqa.selenium.remote.RemoteWebDriver.execute(RemoteWebDriver.java:552)at org.openqa.selenium.remote.RemoteWebDriver.findElement(RemoteWebDriver.java:323)at org.openqa.selenium.remote.RemoteWebDriver.findElementByXPath(RemoteWebDriver.java:428)at org.openqa.selenium.By$ByXPath.findElement(By.java:353)at org.openqa.selenium.remote.RemoteWebDriver.findElement(RemoteWebDriver.java:315)at com.bobcares.testcases.branding.f1(branding.java:66)at jdk.internal.reflect.GeneratedMethodAccessor5.invoke(Unknown Source)at java.base/jdk.internal.reflect.DelegatingMethodAccessorImpl.invoke(DelegatingMethodAccessorImpl.java:43)at java.base/java.lang.reflect.Method.invoke(Method.java:568)at org.testng.internal.MethodInvocationHelper.invokeMethod(MethodInvocationHelper.java:124)at org.testng.internal.Invoker.invokeMethod(Invoker.java:571)at org.testng.internal.Invoker.invokeTestMethod(Invoker.java:707)at org.testng.internal.Invoker.invokeTestMethods(Invoker.java:979)at org.testng.internal.TestMethodWorker.invokeTestMethods(TestMethodWorker.java:125)at org.testng.internal.TestMethodWorker.run(TestMethodWorker.java:109)at org.testng.TestRunner.privateRun(TestRunner.java:648)at org.testng.TestRunner.run(TestRunner.java:505)at org.testng.SuiteRunner.runTest(SuiteRunner.java:455)at org.testng.SuiteRunner.runSequentially(SuiteRunner.java:450)at org.testng.SuiteRunner.privateRun(SuiteRunner.java:415)at org.testng.SuiteRunner.run(SuiteRunner.java:364)at org.testng.SuiteRunnerWorker.runSuite(SuiteRunnerWorker.java:52)at org.testng.SuiteRunnerWorker.run(SuiteRunnerWorker.java:84)at org.testng.TestNG.runSuitesSequentially(TestNG.java:1187)at org.testng.TestNG.runSuitesLocally(TestNG.java:1116)at org.testng.TestNG.runSuites(TestNG.java:1028)at org.testng.TestNG.run(TestNG.java:996)at org.testng.remote.AbstractRemoteTestNG.run(AbstractRemoteTestNG.java:115)at org.testng.remote.RemoteTestNG.initAndRun(RemoteTestNG.java:251)at org.testng.remote.RemoteTestNG.main(RemoteTestNG.java:77)]]>
            </full-stacktrace>
          </exception> <!-- org.openqa.selenium.NoSuchElementException -->
          <reporter-output>
          </reporter-output>
        </test-method> <!-- f1 -->
        <test-method signature="f1(java.lang.String, java.lang.String)[pri:0, instance:com.bobcares.testcases.branding@265adfad]" started-at="2022-10-17T19:50:24Z" name="f1" data-provider="data1" finished-at="2022-10-17T19:51:14Z" duration-ms="49168" status="PASS">
          <params>
            <param index="0">
              <value>
                <![CDATA[https://bobcares.com/wp-admin/post.php?post=296690&action=edit&classic-editor]]>
              </value>
            </param>
            <param index="1">
              <value>
                <![CDATA[]]>
              </value>
            </param>
          </params>
          <reporter-output>
          </reporter-output>
        </test-method> <!-- f1 -->
        <test-method signature="f1(java.lang.String, java.lang.String)[pri:0, instance:com.bobcares.testcases.branding@265adfad]" started-at="2022-10-17T19:51:14Z" name="f1" data-provider="data1" finished-at="2022-10-17T19:51:57Z" duration-ms="43430" status="PASS">
          <params>
            <param index="0">
              <value>
                <![CDATA[https://bobcares.com/wp-admin/post.php?post=296449&action=edit&classic-editor]]>
              </value>
            </param>
            <param index="1">
              <value>
                <![CDATA[]]>
              </value>
            </param>
          </params>
          <reporter-output>
          </reporter-output>
        </test-method> <!-- f1 -->
        <test-method signature="f1(java.lang.String, java.lang.String)[pri:0, instance:com.bobcares.testcases.branding@265adfad]" started-at="2022-10-17T19:51:57Z" name="f1" data-provider="data1" finished-at="2022-10-17T19:52:40Z" duration-ms="43046" status="PASS">
          <params>
            <param index="0">
              <value>
                <![CDATA[https://bobcares.com/wp-admin/post.php?post=296665&action=edit&classic-editor]]>
              </value>
            </param>
            <param index="1">
              <value>
                <![CDATA[]]>
              </value>
            </param>
          </params>
          <reporter-output>
          </reporter-output>
        </test-method> <!-- f1 -->
        <test-method signature="f1(java.lang.String, java.lang.String)[pri:0, instance:com.bobcares.testcases.branding@265adfad]" started-at="2022-10-17T19:52:40Z" name="f1" data-provider="data1" finished-at="2022-10-17T19:53:24Z" duration-ms="44370" status="PASS">
          <params>
            <param index="0">
              <value>
                <![CDATA[https://bobcares.com/wp-admin/post.php?post=296590&action=edit&classic-editor]]>
              </value>
            </param>
            <param index="1">
              <value>
                <![CDATA[]]>
              </value>
            </param>
          </params>
          <reporter-output>
          </reporter-output>
        </test-method> <!-- f1 -->
        <test-method signature="f1(java.lang.String, java.lang.String)[pri:0, instance:com.bobcares.testcases.branding@265adfad]" started-at="2022-10-17T19:53:24Z" name="f1" data-provider="data1" finished-at="2022-10-17T19:54:08Z" duration-ms="43375" status="PASS">
          <params>
            <param index="0">
              <value>
                <![CDATA[https://bobcares.com/wp-admin/post.php?post=296768&action=edit&classic-editor]]>
              </value>
            </param>
            <param index="1">
              <value>
                <![CDATA[]]>
              </value>
            </param>
          </params>
          <reporter-output>
          </reporter-output>
        </test-method> <!-- f1 -->
        <test-method signature="f1(java.lang.String, java.lang.String)[pri:0, instance:com.bobcares.testcases.branding@265adfad]" started-at="2022-10-17T19:54:08Z" name="f1" data-provider="data1" finished-at="2022-10-17T19:54:53Z" duration-ms="45199" status="PASS">
          <params>
            <param index="0">
              <value>
                <![CDATA[https://bobcares.com/wp-admin/post.php?post=296102&action=edit&classic-editor]]>
              </value>
            </param>
            <param index="1">
              <value>
                <![CDATA[]]>
              </value>
            </param>
          </params>
          <reporter-output>
          </reporter-output>
        </test-method> <!-- f1 -->
        <test-method signature="f1(java.lang.String, java.lang.String)[pri:0, instance:com.bobcares.testcases.branding@265adfad]" started-at="2022-10-17T19:54:53Z" name="f1" data-provider="data1" finished-at="2022-10-17T19:55:37Z" duration-ms="44292" status="PASS">
          <params>
            <param index="0">
              <value>
                <![CDATA[https://bobcares.com/wp-admin/post.php?post=296253&action=edit&classic-editor]]>
              </value>
            </param>
            <param index="1">
              <value>
                <![CDATA[]]>
              </value>
            </param>
          </params>
          <reporter-output>
          </reporter-output>
        </test-method> <!-- f1 -->
        <test-method signature="f1(java.lang.String, java.lang.String)[pri:0, instance:com.bobcares.testcases.branding@265adfad]" started-at="2022-10-17T19:55:37Z" name="f1" data-provider="data1" finished-at="2022-10-17T19:56:16Z" duration-ms="38506" status="FAIL">
          <params>
            <param index="0">
              <value>
                <![CDATA[https://bobcares.com/wp-admin/post.php?post=296645&action=edit&classic-editor]]>
              </value>
            </param>
            <param index="1">
              <value>
                <![CDATA[]]>
              </value>
            </param>
          </params>
          <exception class="org.openqa.selenium.NoSuchElementException">
            <message>
              <![CDATA[Unable to locate element: //span[contains(text(),'Insights')]For documentation on this error, please visit: https://www.seleniumhq.org/exceptions/no_such_element.htmlBuild info: version: '3.141.59', revision: 'e82be7d358', time: '2018-11-14T08:25:59'System info: host: 'DESKTOP-LHVEUFN', ip: '172.17.6.112', os.name: 'Windows 10', os.arch: 'amd64', os.version: '10.0', java.version: '17.0.1'Driver info: org.openqa.selenium.firefox.FirefoxDriverCapabilities {acceptInsecureCerts: true, browserName: firefox, browserVersion: 105.0.3, javascriptEnabled: true, moz:accessibilityChecks: false, moz:buildID: 20221007134813, moz:geckodriverVersion: 0.31.0, moz:headless: true, moz:platformVersion: 10.0, moz:processID: 12968, moz:profile: C:\Users\nandu\AppData\Loca..., moz:shutdownTimeout: 60000, moz:useNonSpecCompliantPointerOrigin: false, moz:webdriverClick: true, moz:windowless: false, pageLoadStrategy: normal, platform: WINDOWS, platformName: WINDOWS, proxy: Proxy(), setWindowRect: true, strictFileInteractability: false, timeouts: {implicit: 0, pageLoad: 300000, script: 30000}, unhandledPromptBehavior: dismiss and notify}Session ID: 15667eb9-861b-4321-b13a-bd135f0e76bb*** Element info: {Using=xpath, value=//span[contains(text(),'Insights')]}]]>
            </message>
            <full-stacktrace>
              <![CDATA[org.openqa.selenium.NoSuchElementException: Unable to locate element: //span[contains(text(),'Insights')]For documentation on this error, please visit: https://www.seleniumhq.org/exceptions/no_such_element.htmlBuild info: version: '3.141.59', revision: 'e82be7d358', time: '2018-11-14T08:25:59'System info: host: 'DESKTOP-LHVEUFN', ip: '172.17.6.112', os.name: 'Windows 10', os.arch: 'amd64', os.version: '10.0', java.version: '17.0.1'Driver info: org.openqa.selenium.firefox.FirefoxDriverCapabilities {acceptInsecureCerts: true, browserName: firefox, browserVersion: 105.0.3, javascriptEnabled: true, moz:accessibilityChecks: false, moz:buildID: 20221007134813, moz:geckodriverVersion: 0.31.0, moz:headless: true, moz:platformVersion: 10.0, moz:processID: 12968, moz:profile: C:\Users\nandu\AppData\Loca..., moz:shutdownTimeout: 60000, moz:useNonSpecCompliantPointerOrigin: false, moz:webdriverClick: true, moz:windowless: false, pageLoadStrategy: normal, platform: WINDOWS, platformName: WINDOWS, proxy: Proxy(), setWindowRect: true, strictFileInteractability: false, timeouts: {implicit: 0, pageLoad: 300000, script: 30000}, unhandledPromptBehavior: dismiss and notify}Session ID: 15667eb9-861b-4321-b13a-bd135f0e76bb*** Element info: {Using=xpath, value=//span[contains(text(),'Insights')]}at java.base/jdk.internal.reflect.NativeConstructorAccessorImpl.newInstance0(Native Method)at java.base/jdk.internal.reflect.NativeConstructorAccessorImpl.newInstance(NativeConstructorAccessorImpl.java:77)at java.base/jdk.internal.reflect.DelegatingConstructorAccessorImpl.newInstance(DelegatingConstructorAccessorImpl.java:45)at java.base/java.lang.reflect.Constructor.newInstanceWithCaller(Constructor.java:499)at java.base/java.lang.reflect.Constructor.newInstance(Constructor.java:480)at org.openqa.selenium.remote.http.W3CHttpResponseCodec.createException(W3CHttpResponseCodec.java:187)at org.openqa.selenium.remote.http.W3CHttpResponseCodec.decode(W3CHttpResponseCodec.java:122)at org.openqa.selenium.remote.http.W3CHttpResponseCodec.decode(W3CHttpResponseCodec.java:49)at org.openqa.selenium.remote.HttpCommandExecutor.execute(HttpCommandExecutor.java:158)at org.openqa.selenium.remote.service.DriverCommandExecutor.execute(DriverCommandExecutor.java:83)at org.openqa.selenium.remote.RemoteWebDriver.execute(RemoteWebDriver.java:552)at org.openqa.selenium.remote.RemoteWebDriver.findElement(RemoteWebDriver.java:323)at org.openqa.selenium.remote.RemoteWebDriver.findElementByXPath(RemoteWebDriver.java:428)at org.openqa.selenium.By$ByXPath.findElement(By.java:353)at org.openqa.selenium.remote.RemoteWebDriver.findElement(RemoteWebDriver.java:315)at com.bobcares.testcases.branding.f1(branding.java:66)at jdk.internal.reflect.GeneratedMethodAccessor5.invoke(Unknown Source)at java.base/jdk.internal.reflect.DelegatingMethodAccessorImpl.invoke(DelegatingMethodAccessorImpl.java:43)at java.base/java.lang.reflect.Method.invoke(Method.java:568)at org.testng.internal.MethodInvocationHelper.invokeMethod(MethodInvocationHelper.java:124)at org.testng.internal.Invoker.invokeMethod(Invoker.java:571)at org.testng.internal.Invoker.invokeTestMethod(Invoker.java:707)at org.testng.internal.Invoker.invokeTestMethods(Invoker.java:979)at org.testng.internal.TestMethodWorker.invokeTestMethods(TestMethodWorker.java:125)at org.testng.internal.TestMethodWorker.run(TestMethodWorker.java:109)at org.testng.TestRunner.privateRun(TestRunner.java:648)at org.testng.TestRunner.run(TestRunner.java:505)at org.testng.SuiteRunner.runTest(SuiteRunner.java:455)at org.testng.SuiteRunner.runSequentially(SuiteRunner.java:450)at org.testng.SuiteRunner.privateRun(SuiteRunner.java:415)at org.testng.SuiteRunner.run(SuiteRunner.java:364)at org.testng.SuiteRunnerWorker.runSuite(SuiteRunnerWorker.java:52)at org.testng.SuiteRunnerWorker.run(SuiteRunnerWorker.java:84)at org.testng.TestNG.runSuitesSequentially(TestNG.java:1187)at org.testng.TestNG.runSuitesLocally(TestNG.java:1116)at org.testng.TestNG.runSuites(TestNG.java:1028)at org.testng.TestNG.run(TestNG.java:996)at org.testng.remote.AbstractRemoteTestNG.run(AbstractRemoteTestNG.java:115)at org.testng.remote.RemoteTestNG.initAndRun(RemoteTestNG.java:251)at org.testng.remote.RemoteTestNG.main(RemoteTestNG.java:77)]]>
            </full-stacktrace>
          </exception> <!-- org.openqa.selenium.NoSuchElementException -->
          <reporter-output>
          </reporter-output>
        </test-method> <!-- f1 -->
        <test-method signature="f1(java.lang.String, java.lang.String)[pri:0, instance:com.bobcares.testcases.branding@265adfad]" started-at="2022-10-17T19:56:16Z" name="f1" data-provider="data1" finished-at="2022-10-17T19:57:14Z" duration-ms="57757" status="FAIL">
          <params>
            <param index="0">
              <value>
                <![CDATA[https://bobcares.com/wp-admin/post.php?post=296320&action=edit&classic-editor]]>
              </value>
            </param>
            <param index="1">
              <value>
                <![CDATA[]]>
              </value>
            </param>
          </params>
          <exception class="org.openqa.selenium.NoSuchElementException">
            <message>
              <![CDATA[Unable to locate element: //span[contains(text(),'Insights')]For documentation on this error, please visit: https://www.seleniumhq.org/exceptions/no_such_element.htmlBuild info: version: '3.141.59', revision: 'e82be7d358', time: '2018-11-14T08:25:59'System info: host: 'DESKTOP-LHVEUFN', ip: '172.17.6.112', os.name: 'Windows 10', os.arch: 'amd64', os.version: '10.0', java.version: '17.0.1'Driver info: org.openqa.selenium.firefox.FirefoxDriverCapabilities {acceptInsecureCerts: true, browserName: firefox, browserVersion: 105.0.3, javascriptEnabled: true, moz:accessibilityChecks: false, moz:buildID: 20221007134813, moz:geckodriverVersion: 0.31.0, moz:headless: true, moz:platformVersion: 10.0, moz:processID: 12176, moz:profile: C:\Users\nandu\AppData\Loca..., moz:shutdownTimeout: 60000, moz:useNonSpecCompliantPointerOrigin: false, moz:webdriverClick: true, moz:windowless: false, pageLoadStrategy: normal, platform: WINDOWS, platformName: WINDOWS, proxy: Proxy(), setWindowRect: true, strictFileInteractability: false, timeouts: {implicit: 0, pageLoad: 300000, script: 30000}, unhandledPromptBehavior: dismiss and notify}Session ID: 348cb4a8-5826-4a9f-9f19-9eb3053f219e*** Element info: {Using=xpath, value=//span[contains(text(),'Insights')]}]]>
            </message>
            <full-stacktrace>
              <![CDATA[org.openqa.selenium.NoSuchElementException: Unable to locate element: //span[contains(text(),'Insights')]For documentation on this error, please visit: https://www.seleniumhq.org/exceptions/no_such_element.htmlBuild info: version: '3.141.59', revision: 'e82be7d358', time: '2018-11-14T08:25:59'System info: host: 'DESKTOP-LHVEUFN', ip: '172.17.6.112', os.name: 'Windows 10', os.arch: 'amd64', os.version: '10.0', java.version: '17.0.1'Driver info: org.openqa.selenium.firefox.FirefoxDriverCapabilities {acceptInsecureCerts: true, browserName: firefox, browserVersion: 105.0.3, javascriptEnabled: true, moz:accessibilityChecks: false, moz:buildID: 20221007134813, moz:geckodriverVersion: 0.31.0, moz:headless: true, moz:platformVersion: 10.0, moz:processID: 12176, moz:profile: C:\Users\nandu\AppData\Loca..., moz:shutdownTimeout: 60000, moz:useNonSpecCompliantPointerOrigin: false, moz:webdriverClick: true, moz:windowless: false, pageLoadStrategy: normal, platform: WINDOWS, platformName: WINDOWS, proxy: Proxy(), setWindowRect: true, strictFileInteractability: false, timeouts: {implicit: 0, pageLoad: 300000, script: 30000}, unhandledPromptBehavior: dismiss and notify}Session ID: 348cb4a8-5826-4a9f-9f19-9eb3053f219e*** Element info: {Using=xpath, value=//span[contains(text(),'Insights')]}at java.base/jdk.internal.reflect.NativeConstructorAccessorImpl.newInstance0(Native Method)at java.base/jdk.internal.reflect.NativeConstructorAccessorImpl.newInstance(NativeConstructorAccessorImpl.java:77)at java.base/jdk.internal.reflect.DelegatingConstructorAccessorImpl.newInstance(DelegatingConstructorAccessorImpl.java:45)at java.base/java.lang.reflect.Constructor.newInstanceWithCaller(Constructor.java:499)at java.base/java.lang.reflect.Constructor.newInstance(Constructor.java:480)at org.openqa.selenium.remote.http.W3CHttpResponseCodec.createException(W3CHttpResponseCodec.java:187)at org.openqa.selenium.remote.http.W3CHttpResponseCodec.decode(W3CHttpResponseCodec.java:122)at org.openqa.selenium.remote.http.W3CHttpResponseCodec.decode(W3CHttpResponseCodec.java:49)at org.openqa.selenium.remote.HttpCommandExecutor.execute(HttpCommandExecutor.java:158)at org.openqa.selenium.remote.service.DriverCommandExecutor.execute(DriverCommandExecutor.java:83)at org.openqa.selenium.remote.RemoteWebDriver.execute(RemoteWebDriver.java:552)at org.openqa.selenium.remote.RemoteWebDriver.findElement(RemoteWebDriver.java:323)at org.openqa.selenium.remote.RemoteWebDriver.findElementByXPath(RemoteWebDriver.java:428)at org.openqa.selenium.By$ByXPath.findElement(By.java:353)at org.openqa.selenium.remote.RemoteWebDriver.findElement(RemoteWebDriver.java:315)at com.bobcares.testcases.branding.f1(branding.java:66)at jdk.internal.reflect.GeneratedMethodAccessor5.invoke(Unknown Source)at java.base/jdk.internal.reflect.DelegatingMethodAccessorImpl.invoke(DelegatingMethodAccessorImpl.java:43)at java.base/java.lang.reflect.Method.invoke(Method.java:568)at org.testng.internal.MethodInvocationHelper.invokeMethod(MethodInvocationHelper.java:124)at org.testng.internal.Invoker.invokeMethod(Invoker.java:571)at org.testng.internal.Invoker.invokeTestMethod(Invoker.java:707)at org.testng.internal.Invoker.invokeTestMethods(Invoker.java:979)at org.testng.internal.TestMethodWorker.invokeTestMethods(TestMethodWorker.java:125)at org.testng.internal.TestMethodWorker.run(TestMethodWorker.java:109)at org.testng.TestRunner.privateRun(TestRunner.java:648)at org.testng.TestRunner.run(TestRunner.java:505)at org.testng.SuiteRunner.runTest(SuiteRunner.java:455)at org.testng.SuiteRunner.runSequentially(SuiteRunner.java:450)at org.testng.SuiteRunner.privateRun(SuiteRunner.java:415)at org.testng.SuiteRunner.run(SuiteRunner.java:364)at org.testng.SuiteRunnerWorker.runSuite(SuiteRunnerWorker.java:52)at org.testng.SuiteRunnerWorker.run(SuiteRunnerWorker.java:84)at org.testng.TestNG.runSuitesSequentially(TestNG.java:1187)at org.testng.TestNG.runSuitesLocally(TestNG.java:1116)at org.testng.TestNG.runSuites(TestNG.java:1028)at org.testng.TestNG.run(TestNG.java:996)at org.testng.remote.AbstractRemoteTestNG.run(AbstractRemoteTestNG.java:115)at org.testng.remote.RemoteTestNG.initAndRun(RemoteTestNG.java:251)at org.testng.remote.RemoteTestNG.main(RemoteTestNG.java:77)]]>
            </full-stacktrace>
          </exception> <!-- org.openqa.selenium.NoSuchElementException -->
          <reporter-output>
          </reporter-output>
        </test-method> <!-- f1 -->
        <test-method signature="f1(java.lang.String, java.lang.String)[pri:0, instance:com.bobcares.testcases.branding@265adfad]" started-at="2022-10-17T19:57:14Z" name="f1" data-provider="data1" finished-at="2022-10-17T19:58:43Z" duration-ms="89124" status="FAIL">
          <params>
            <param index="0">
              <value>
                <![CDATA[https://bobcares.com/wp-admin/post.php?post=296765&action=edit&classic-editor]]>
              </value>
            </param>
            <param index="1">
              <value>
                <![CDATA[]]>
              </value>
            </param>
          </params>
          <exception class="org.openqa.selenium.NoSuchElementException">
            <message>
              <![CDATA[Unable to locate element: //span[contains(text(),'Insights')]For documentation on this error, please visit: https://www.seleniumhq.org/exceptions/no_such_element.htmlBuild info: version: '3.141.59', revision: 'e82be7d358', time: '2018-11-14T08:25:59'System info: host: 'DESKTOP-LHVEUFN', ip: '172.17.6.112', os.name: 'Windows 10', os.arch: 'amd64', os.version: '10.0', java.version: '17.0.1'Driver info: org.openqa.selenium.firefox.FirefoxDriverCapabilities {acceptInsecureCerts: true, browserName: firefox, browserVersion: 105.0.3, javascriptEnabled: true, moz:accessibilityChecks: false, moz:buildID: 20221007134813, moz:geckodriverVersion: 0.31.0, moz:headless: true, moz:platformVersion: 10.0, moz:processID: 12476, moz:profile: C:\Users\nandu\AppData\Loca..., moz:shutdownTimeout: 60000, moz:useNonSpecCompliantPointerOrigin: false, moz:webdriverClick: true, moz:windowless: false, pageLoadStrategy: normal, platform: WINDOWS, platformName: WINDOWS, proxy: Proxy(), setWindowRect: true, strictFileInteractability: false, timeouts: {implicit: 0, pageLoad: 300000, script: 30000}, unhandledPromptBehavior: dismiss and notify}Session ID: 2464a614-be50-40e1-a432-e000c6f7b4c1*** Element info: {Using=xpath, value=//span[contains(text(),'Insights')]}]]>
            </message>
            <full-stacktrace>
              <![CDATA[org.openqa.selenium.NoSuchElementException: Unable to locate element: //span[contains(text(),'Insights')]For documentation on this error, please visit: https://www.seleniumhq.org/exceptions/no_such_element.htmlBuild info: version: '3.141.59', revision: 'e82be7d358', time: '2018-11-14T08:25:59'System info: host: 'DESKTOP-LHVEUFN', ip: '172.17.6.112', os.name: 'Windows 10', os.arch: 'amd64', os.version: '10.0', java.version: '17.0.1'Driver info: org.openqa.selenium.firefox.FirefoxDriverCapabilities {acceptInsecureCerts: true, browserName: firefox, browserVersion: 105.0.3, javascriptEnabled: true, moz:accessibilityChecks: false, moz:buildID: 20221007134813, moz:geckodriverVersion: 0.31.0, moz:headless: true, moz:platformVersion: 10.0, moz:processID: 12476, moz:profile: C:\Users\nandu\AppData\Loca..., moz:shutdownTimeout: 60000, moz:useNonSpecCompliantPointerOrigin: false, moz:webdriverClick: true, moz:windowless: false, pageLoadStrategy: normal, platform: WINDOWS, platformName: WINDOWS, proxy: Proxy(), setWindowRect: true, strictFileInteractability: false, timeouts: {implicit: 0, pageLoad: 300000, script: 30000}, unhandledPromptBehavior: dismiss and notify}Session ID: 2464a614-be50-40e1-a432-e000c6f7b4c1*** Element info: {Using=xpath, value=//span[contains(text(),'Insights')]}at java.base/jdk.internal.reflect.NativeConstructorAccessorImpl.newInstance0(Native Method)at java.base/jdk.internal.reflect.NativeConstructorAccessorImpl.newInstance(NativeConstructorAccessorImpl.java:77)at java.base/jdk.internal.reflect.DelegatingConstructorAccessorImpl.newInstance(DelegatingConstructorAccessorImpl.java:45)at java.base/java.lang.reflect.Constructor.newInstanceWithCaller(Constructor.java:499)at java.base/java.lang.reflect.Constructor.newInstance(Constructor.java:480)at org.openqa.selenium.remote.http.W3CHttpResponseCodec.createException(W3CHttpResponseCodec.java:187)at org.openqa.selenium.remote.http.W3CHttpResponseCodec.decode(W3CHttpResponseCodec.java:122)at org.openqa.selenium.remote.http.W3CHttpResponseCodec.decode(W3CHttpResponseCodec.java:49)at org.openqa.selenium.remote.HttpCommandExecutor.execute(HttpCommandExecutor.java:158)at org.openqa.selenium.remote.service.DriverCommandExecutor.execute(DriverCommandExecutor.java:83)at org.openqa.selenium.remote.RemoteWebDriver.execute(RemoteWebDriver.java:552)at org.openqa.selenium.remote.RemoteWebDriver.findElement(RemoteWebDriver.java:323)at org.openqa.selenium.remote.RemoteWebDriver.findElementByXPath(RemoteWebDriver.java:428)at org.openqa.selenium.By$ByXPath.findElement(By.java:353)at org.openqa.selenium.remote.RemoteWebDriver.findElement(RemoteWebDriver.java:315)at com.bobcares.testcases.branding.f1(branding.java:66)at jdk.internal.reflect.GeneratedMethodAccessor5.invoke(Unknown Source)at java.base/jdk.internal.reflect.DelegatingMethodAccessorImpl.invoke(DelegatingMethodAccessorImpl.java:43)at java.base/java.lang.reflect.Method.invoke(Method.java:568)at org.testng.internal.MethodInvocationHelper.invokeMethod(MethodInvocationHelper.java:124)at org.testng.internal.Invoker.invokeMethod(Invoker.java:571)at org.testng.internal.Invoker.invokeTestMethod(Invoker.java:707)at org.testng.internal.Invoker.invokeTestMethods(Invoker.java:979)at org.testng.internal.TestMethodWorker.invokeTestMethods(TestMethodWorker.java:125)at org.testng.internal.TestMethodWorker.run(TestMethodWorker.java:109)at org.testng.TestRunner.privateRun(TestRunner.java:648)at org.testng.TestRunner.run(TestRunner.java:505)at org.testng.SuiteRunner.runTest(SuiteRunner.java:455)at org.testng.SuiteRunner.runSequentially(SuiteRunner.java:450)at org.testng.SuiteRunner.privateRun(SuiteRunner.java:415)at org.testng.SuiteRunner.run(SuiteRunner.java:364)at org.testng.SuiteRunnerWorker.runSuite(SuiteRunnerWorker.java:52)at org.testng.SuiteRunnerWorker.run(SuiteRunnerWorker.java:84)at org.testng.TestNG.runSuitesSequentially(TestNG.java:1187)at org.testng.TestNG.runSuitesLocally(TestNG.java:1116)at org.testng.TestNG.runSuites(TestNG.java:1028)at org.testng.TestNG.run(TestNG.java:996)at org.testng.remote.AbstractRemoteTestNG.run(AbstractRemoteTestNG.java:115)at org.testng.remote.RemoteTestNG.initAndRun(RemoteTestNG.java:251)at org.testng.remote.RemoteTestNG.main(RemoteTestNG.java:77)]]>
            </full-stacktrace>
          </exception> <!-- org.openqa.selenium.NoSuchElementException -->
          <reporter-output>
          </reporter-output>
        </test-method> <!-- f1 -->
        <test-method signature="f1(java.lang.String, java.lang.String)[pri:0, instance:com.bobcares.testcases.branding@265adfad]" started-at="2022-10-17T19:58:43Z" name="f1" data-provider="data1" finished-at="2022-10-17T20:00:44Z" duration-ms="121601" status="FAIL">
          <params>
            <param index="0">
              <value>
                <![CDATA[https://bobcares.com/wp-admin/post.php?post=296111&action=edit&classic-editor]]>
              </value>
            </param>
            <param index="1">
              <value>
                <![CDATA[]]>
              </value>
            </param>
          </params>
          <exception class="org.openqa.selenium.NoSuchElementException">
            <message>
              <![CDATA[Unable to locate element: //span[contains(text(),'Insights')]For documentation on this error, please visit: https://www.seleniumhq.org/exceptions/no_such_element.htmlBuild info: version: '3.141.59', revision: 'e82be7d358', time: '2018-11-14T08:25:59'System info: host: 'DESKTOP-LHVEUFN', ip: '172.17.6.112', os.name: 'Windows 10', os.arch: 'amd64', os.version: '10.0', java.version: '17.0.1'Driver info: org.openqa.selenium.firefox.FirefoxDriverCapabilities {acceptInsecureCerts: true, browserName: firefox, browserVersion: 105.0.3, javascriptEnabled: true, moz:accessibilityChecks: false, moz:buildID: 20221007134813, moz:geckodriverVersion: 0.31.0, moz:headless: true, moz:platformVersion: 10.0, moz:processID: 13152, moz:profile: C:\Users\nandu\AppData\Loca..., moz:shutdownTimeout: 60000, moz:useNonSpecCompliantPointerOrigin: false, moz:webdriverClick: true, moz:windowless: false, pageLoadStrategy: normal, platform: WINDOWS, platformName: WINDOWS, proxy: Proxy(), setWindowRect: true, strictFileInteractability: false, timeouts: {implicit: 0, pageLoad: 300000, script: 30000}, unhandledPromptBehavior: dismiss and notify}Session ID: 7d4a5b8d-282d-43ff-abc7-67ae5c74e53f*** Element info: {Using=xpath, value=//span[contains(text(),'Insights')]}]]>
            </message>
[...]
              <value>
                <![CDATA[https://bobcares.com/wp-admin/post.php?post=296623&action=edit&classic-editor]]>
              </value>
            </param>
            <param index="1">
              <value>
                <![CDATA[]]>
              </value>
            </param>
          </params>
          <reporter-output>
          </reporter-output>
        </test-method> <!-- f1 -->
        <test-method signature="f1(java.lang.String, java.lang.String)[pri:0, instance:com.bobcares.testcases.branding@265adfad]" started-at="2022-10-17T20:12:44Z" name="f1" data-provider="data1" finished-at="2022-10-17T20:13:17Z" duration-ms="32838" status="FAIL">
          <params>
            <param index="0">
              <value>
                <![CDATA[https://bobcares.com/wp-admin/post.php?post=296647&action=edit&classic-editor]]>
              </value>
            </param>
            <param index="1">
              <value>
                <![CDATA[]]>
              </value>
            </param>
          </params>
          <exception class="org.openqa.selenium.ElementNotInteractableException">
            <message>
              <![CDATA[Element <span class="screen-reader-text"> could not be scrolled into viewBuild info: version: '3.141.59', revision: 'e82be7d358', time: '2018-11-14T08:25:59'System info: host: 'DESKTOP-LHVEUFN', ip: '172.17.6.112', os.name: 'Windows 10', os.arch: 'amd64', os.version: '10.0', java.version: '17.0.1'Driver info: org.openqa.selenium.firefox.FirefoxDriverCapabilities {acceptInsecureCerts: true, browserName: firefox, browserVersion: 105.0.3, javascriptEnabled: true, moz:accessibilityChecks: false, moz:buildID: 20221007134813, moz:geckodriverVersion: 0.31.0, moz:headless: true, moz:platformVersion: 10.0, moz:processID: 12588, moz:profile: C:\Users\nandu\AppData\Loca..., moz:shutdownTimeout: 60000, moz:useNonSpecCompliantPointerOrigin: false, moz:webdriverClick: true, moz:windowless: false, pageLoadStrategy: normal, platform: WINDOWS, platformName: WINDOWS, proxy: Proxy(), setWindowRect: true, strictFileInteractability: false, timeouts: {implicit: 0, pageLoad: 300000, script: 30000}, unhandledPromptBehavior: dismiss and notify}Session ID: 45105efb-1254-4956-8691-ee9fc20c0c5a]]>
            </message>
            <full-stacktrace>
              <![CDATA[org.openqa.selenium.ElementNotInteractableException: Element <span class="screen-reader-text"> could not be scrolled into viewBuild info: version: '3.141.59', revision: 'e82be7d358', time: '2018-11-14T08:25:59'System info: host: 'DESKTOP-LHVEUFN', ip: '172.17.6.112', os.name: 'Windows 10', os.arch: 'amd64', os.version: '10.0', java.version: '17.0.1'Driver info: org.openqa.selenium.firefox.FirefoxDriverCapabilities {acceptInsecureCerts: true, browserName: firefox, browserVersion: 105.0.3, javascriptEnabled: true, moz:accessibilityChecks: false, moz:buildID: 20221007134813, moz:geckodriverVersion: 0.31.0, moz:headless: true, moz:platformVersion: 10.0, moz:processID: 12588, moz:profile: C:\Users\nandu\AppData\Loca..., moz:shutdownTimeout: 60000, moz:useNonSpecCompliantPointerOrigin: false, moz:webdriverClick: true, moz:windowless: false, pageLoadStrategy: normal, platform: WINDOWS, platformName: WINDOWS, proxy: Proxy(), setWindowRect: true, strictFileInteractability: false, timeouts: {implicit: 0, pageLoad: 300000, script: 30000}, unhandledPromptBehavior: dismiss and notify}Session ID: 45105efb-1254-4956-8691-ee9fc20c0c5aat java.base/jdk.internal.reflect.NativeConstructorAccessorImpl.newInstance0(Native Method)at java.base/jdk.internal.reflect.NativeConstructorAccessorImpl.newInstance(NativeConstructorAccessorImpl.java:77)at java.base/jdk.internal.reflect.DelegatingConstructorAccessorImpl.newInstance(DelegatingConstructorAccessorImpl.java:45)at java.base/java.lang.reflect.Constructor.newInstanceWithCaller(Constructor.java:499)at java.base/java.lang.reflect.Constructor.newInstance(Constructor.java:480)at org.openqa.selenium.remote.http.W3CHttpResponseCodec.createException(W3CHttpResponseCodec.java:187)at org.openqa.selenium.remote.http.W3CHttpResponseCodec.decode(W3CHttpResponseCodec.java:122)at org.openqa.selenium.remote.http.W3CHttpResponseCodec.decode(W3CHttpResponseCodec.java:49)at org.openqa.selenium.remote.HttpCommandExecutor.execute(HttpCommandExecutor.java:158)at org.openqa.selenium.remote.service.DriverCommandExecutor.execute(DriverCommandExecutor.java:83)at org.openqa.selenium.remote.RemoteWebDriver.execute(RemoteWebDriver.java:552)at org.openqa.selenium.remote.RemoteWebElement.execute(RemoteWebElement.java:285)at org.openqa.selenium.remote.RemoteWebElement.click(RemoteWebElement.java:84)at com.bobcares.testcases.branding.f1(branding.java:66)at jdk.internal.reflect.GeneratedMethodAccessor5.invoke(Unknown Source)at java.base/jdk.internal.reflect.DelegatingMethodAccessorImpl.invoke(DelegatingMethodAccessorImpl.java:43)at java.base/java.lang.reflect.Method.invoke(Method.java:568)at org.testng.internal.MethodInvocationHelper.invokeMethod(MethodInvocationHelper.java:124)at org.testng.internal.Invoker.invokeMethod(Invoker.java:571)at org.testng.internal.Invoker.invokeTestMethod(Invoker.java:707)at org.testng.internal.Invoker.invokeTestMethods(Invoker.java:979)at org.testng.internal.TestMethodWorker.invokeTestMethods(TestMethodWorker.java:125)at org.testng.internal.TestMethodWorker.run(TestMethodWorker.java:109)at org.testng.TestRunner.privateRun(TestRunner.java:648)at org.testng.TestRunner.run(TestRunner.java:505)at org.testng.SuiteRunner.runTest(SuiteRunner.java:455)at org.testng.SuiteRunner.runSequentially(SuiteRunner.java:450)at org.testng.SuiteRunner.privateRun(SuiteRunner.java:415)at org.testng.SuiteRunner.run(SuiteRunner.java:364)at org.testng.SuiteRunnerWorker.runSuite(SuiteRunnerWorker.java:52)at org.testng.SuiteRunnerWorker.run(SuiteRunnerWorker.java:84)at org.testng.TestNG.runSuitesSequentially(TestNG.java:1187)at org.testng.TestNG.runSuitesLocally(TestNG.java:1116)at org.testng.TestNG.runSuites(TestNG.java:1028)at org.testng.TestNG.run(TestNG.java:996)at org.testng.remote.AbstractRemoteTestNG.run(AbstractRemoteTestNG.java:115)at org.testng.remote.RemoteTestNG.initAndRun(RemoteTestNG.java:251)at org.testng.remote.RemoteTestNG.main(RemoteTestNG.java:77)]]>
            </full-stacktrace>
          </exception> <!-- org.openqa.selenium.ElementNotInteractableException -->
          <reporter-output>
          </reporter-output>
        </test-method> <!-- f1 -->
        <test-method signature="f1(java.lang.String, java.lang.String)[pri:0, instance:com.bobcares.testcases.branding@265adfad]" started-at="2022-10-17T20:13:17Z" name="f1" data-provider="data1" finished-at="2022-10-17T20:13:59Z" duration-ms="41793" status="PASS">
          <params>
            <param index="0">
              <value>
                <![CDATA[https://bobcares.com/wp-admin/post.php?post=296789&action=edit&classic-editor]]>
              </value>
            </param>
            <param index="1">
              <value>
                <![CDATA[]]>
              </value>
            </param>
          </params>
          <reporter-output>
          </reporter-output>
        </test-method> <!-- f1 -->
        <test-method signature="f1(java.lang.String, java.lang.String)[pri:0, instance:com.bobcares.testcases.branding@265adfad]" started-at="2022-10-17T20:13:59Z" name="f1" data-provider="data1" finished-at="2022-10-17T20:14:42Z" duration-ms="43049" status="PASS">
          <params>
            <param index="0">
              <value>
                <![CDATA[https://bobcares.com/wp-admin/post.php?post=296831&action=edit&classic-editor]]>
              </value>
            </param>
            <param index="1">
              <value>
                <![CDATA[]]>
              </value>
            </param>
          </params>
          <reporter-output>
          </reporter-output>
        </test-method> <!-- f1 -->
        <test-method signature="f1(java.lang.String, java.lang.String)[pri:0, instance:com.bobcares.testcases.branding@265adfad]" started-at="2022-10-17T20:14:42Z" name="f1" data-provider="data1" finished-at="2022-10-17T20:15:26Z" duration-ms="43962" status="PASS">
          <params>
            <param index="0">
              <value>
                <![CDATA[https://bobcares.com/wp-admin/post.php?post=296997&action=edit&classic-editor]]>
              </value>
            </param>
            <param index="1">
              <value>
                <![CDATA[]]>
              </value>
            </param>
          </params>
          <reporter-output>
          </reporter-output>
        </test-method> <!-- f1 -->
        <test-method signature="f1(java.lang.String, java.lang.String)[pri:0, instance:com.bobcares.testcases.branding@265adfad]" started-at="2022-10-17T20:15:26Z" name="f1" data-provider="data1" finished-at="2022-10-17T20:16:04Z" duration-ms="38296" status="PASS">
          <params>
            <param index="0">
              <value>
                <![CDATA[https://bobcares.com/wp-admin/post.php?post=296651&action=edit&classic-editor]]>
              </value>
            </param>
            <param index="1">
              <value>
                <![CDATA[]]>
              </value>
            </param>
          </params>
          <reporter-output>
          </reporter-output>
        </test-method> <!-- f1 -->
        <test-method signature="f1(java.lang.String, java.lang.String)[pri:0, instance:com.bobcares.testcases.branding@265adfad]" started-at="2022-10-17T20:16:04Z" name="f1" data-provider="data1" finished-at="2022-10-17T20:16:53Z" duration-ms="48404" status="PASS">
          <params>
            <param index="0">
              <value>
                <![CDATA[https://bobcares.com/wp-admin/post.php?post=296711&action=edit&classic-editor]]>
              </value>
            </param>
            <param index="1">
              <value>
                <![CDATA[]]>
              </value>
            </param>
          </params>
          <reporter-output>
          </reporter-output>
        </test-method> <!-- f1 -->
        <test-method signature="f1(java.lang.String, java.lang.String)[pri:0, instance:com.bobcares.testcases.branding@265adfad]" started-at="2022-10-17T20:16:53Z" name="f1" data-provider="data1" finished-at="2022-10-17T20:17:39Z" duration-ms="46550" status="PASS">
          <params>
            <param index="0">
              <value>
                <![CDATA[https://bobcares.com/wp-admin/post.php?post=296661&action=edit&classic-editor]]>
              </value>
            </param>
            <param index="1">
              <value>
                <![CDATA[]]>
              </value>
            </param>
          </params>
          <reporter-output>
          </reporter-output>
        </test-method> <!-- f1 -->
        <test-method signature="f1(java.lang.String, java.lang.String)[pri:0, instance:com.bobcares.testcases.branding@265adfad]" started-at="2022-10-17T20:17:39Z" name="f1" data-provider="data1" finished-at="2022-10-17T20:18:24Z" duration-ms="44960" status="PASS">
          <params>
            <param index="0">
              <value>
                <![CDATA[https://bobcares.com/wp-admin/post.php?post=296827&action=edit&classic-editor]]>
              </value>
            </param>
            <param index="1">
              <value>
                <![CDATA[]]>
              </value>
            </param>
          </params>
          <reporter-output>
          </reporter-output>
        </test-method> <!-- f1 -->
        <test-method signature="f1(java.lang.String, java.lang.String)[pri:0, instance:com.bobcares.testcases.branding@265adfad]" started-at="2022-10-17T20:18:24Z" name="f1" data-provider="data1" finished-at="2022-10-17T20:19:11Z" duration-ms="47383" status="PASS">
          <params>
            <param index="0">
              <value>
                <![CDATA[https://bobcares.com/wp-admin/post.php?post=297070&action=edit&classic-editor]]>
              </value>
            </param>
            <param index="1">
              <value>
                <![CDATA[]]>
              </value>
            </param>
          </params>
          <reporter-output>
          </reporter-output>
        </test-method> <!-- f1 -->
        <test-method signature="f1(java.lang.String, java.lang.String)[pri:0, instance:com.bobcares.testcases.branding@265adfad]" started-at="2022-10-17T20:19:11Z" name="f1" data-provider="data1" finished-at="2022-10-17T20:20:00Z" duration-ms="48679" status="PASS">
          <params>
            <param index="0">
              <value>
                <![CDATA[https://bobcares.com/wp-admin/post.php?post=297120&action=edit&classic-editor]]>
              </value>
            </param>
            <param index="1">
              <value>
                <![CDATA[]]>
              </value>
            </param>
          </params>
          <reporter-output>
          </reporter-output>
        </test-method> <!-- f1 -->
        <test-method signature="f1(java.lang.String, java.lang.String)[pri:0, instance:com.bobcares.testcases.branding@265adfad]" started-at="2022-10-17T20:20:00Z" name="f1" data-provider="data1" finished-at="2022-10-17T20:20:44Z" duration-ms="43400" status="PASS">
          <params>
            <param index="0">
              <value>
                <![CDATA[https://bobcares.com/wp-admin/post.php?post=296447&action=edit&classic-editor]]>
              </value>
            </param>
            <param index="1">
              <value>
                <![CDATA[]]>
              </value>
            </param>
          </params>
          <reporter-output>
          </reporter-output>
        </test-method> <!-- f1 -->
        <test-method signature="f1(java.lang.String, java.lang.String)[pri:0, instance:com.bobcares.testcases.branding@265adfad]" started-at="2022-10-17T20:20:44Z" name="f1" data-provider="data1" finished-at="2022-10-17T20:21:27Z" duration-ms="43414" status="PASS">
          <params>
            <param index="0">
              <value>
                <![CDATA[https://bobcares.com/wp-admin/post.php?post=296467&action=edit&classic-editor]]>
              </value>
            </param>
            <param index="1">
              <value>
                <![CDATA[]]>
              </value>
            </param>
          </params>
          <reporter-output>
          </reporter-output>
        </test-method> <!-- f1 -->
        <test-method signature="f1(java.lang.String, java.lang.String)[pri:0, instance:com.bobcares.testcases.branding@265adfad]" started-at="2022-10-17T20:21:27Z" name="f1" data-provider="data1" finished-at="2022-10-17T20:22:11Z" duration-ms="44001" status="PASS">
          <params>
            <param index="0">
              <value>
                <![CDATA[https://bobcares.com/wp-admin/post.php?post=297235&action=edit&classic-editor]]>
              </value>
            </param>
            <param index="1">
              <value>
                <![CDATA[]]>
              </value>
            </param>
          </params>
          <reporter-output>
          </reporter-output>
        </test-method> <!-- f1 -->
        <test-method signature="f1(java.lang.String, java.lang.String)[pri:0, instance:com.bobcares.testcases.branding@265adfad]" started-at="2022-10-17T20:22:11Z" name="f1" data-provider="data1" finished-at="2022-10-17T20:22:55Z" duration-ms="44269" status="PASS">
          <params>
            <param index="0">
              <value>
                <![CDATA[https://bobcares.com/wp-admin/post.php?post=296749&action=edit&classic-editor]]>
              </value>
            </param>
            <param index="1">
              <value>
                <![CDATA[]]>
              </value>
            </param>
          </params>
          <reporter-output>
          </reporter-output>
        </test-method> <!-- f1 -->
        <test-method signature="f1(java.lang.String, java.lang.String)[pri:0, instance:com.bobcares.testcases.branding@265adfad]" started-at="2022-10-17T20:22:55Z" name="f1" data-provider="data1" finished-at="2022-10-17T20:23:37Z" duration-ms="41972" status="PASS">
          <params>
            <param index="0">
              <value>
                <![CDATA[https://bobcares.com/wp-admin/post.php?post=296784&action=edit&classic-editor]]>
              </value>
            </param>
            <param index="1">
              <value>
                <![CDATA[]]>
              </value>
            </param>
          </params>
          <reporter-output>
          </reporter-output>
        </test-method> <!-- f1 -->
        <test-method signature="f1(java.lang.String, java.lang.String)[pri:0, instance:com.bobcares.testcases.branding@265adfad]" started-at="2022-10-17T20:23:37Z" name="f1" data-provider="data1" finished-at="2022-10-17T20:24:26Z" duration-ms="49058" status="PASS">
          <params>
            <param index="0">
              <value>
                <![CDATA[https://bobcares.com/wp-admin/post.php?post=295629&action=edit&classic-editor]]>
              </value>
            </param>
            <param index="1">
              <value>
                <![CDATA[]]>
              </value>
            </param>
          </params>
          <reporter-output>
          </reporter-output>
        </test-method> <!-- f1 -->
        <test-method signature="f1(java.lang.String, java.lang.String)[pri:0, instance:com.bobcares.testcases.branding@265adfad]" started-at="2022-10-17T20:24:26Z" name="f1" data-provider="data1" finished-at="2022-10-17T20:25:15Z" duration-ms="48823" status="PASS">
          <params>
            <param index="0">
              <value>
                <![CDATA[https://bobcares.com/wp-admin/post.php?post=296317&action=edit&classic-editor]]>
              </value>
            </param>
            <param index="1">
              <value>
                <![CDATA[]]>
              </value>
            </param>
          </params>
          <reporter-output>
          </reporter-output>
        </test-method> <!-- f1 -->
        <test-method signature="f1(java.lang.String, java.lang.String)[pri:0, instance:com.bobcares.testcases.branding@265adfad]" started-at="2022-10-17T20:25:15Z" name="f1" data-provider="data1" finished-at="2022-10-17T20:26:03Z" duration-ms="48008" status="PASS">
          <params>
            <param index="0">
              <value>
                <![CDATA[https://bobcares.com/wp-admin/post.php?post=297157&action=edit&classic-editor]]>
              </value>
            </param>
            <param index="1">
              <value>
                <![CDATA[]]>
              </value>
            </param>
          </params>
          <reporter-output>
          </reporter-output>
        </test-method> <!-- f1 -->
        <test-method signature="f1(java.lang.String, java.lang.String)[pri:0, instance:com.bobcares.testcases.branding@265adfad]" started-at="2022-10-17T20:26:03Z" name="f1" data-provider="data1" finished-at="2022-10-17T20:26:44Z" duration-ms="41350" status="PASS">
          <params>
            <param index="0">
              <value>
                <![CDATA[https://bobcares.com/wp-admin/post.php?post=296656&action=edit&classic-editor]]>
              </value>
            </param>
            <param index="1">
              <value>
                <![CDATA[]]>
              </value>
            </param>
          </params>
          <reporter-output>
          </reporter-output>
        </test-method> <!-- f1 -->
      </class> <!-- com.bobcares.testcases.branding -->
    </test> <!-- Default test -->
  </suite> <!-- Default suite -->
</testng-results>
