<?xml version="1.0" encoding="UTF-8"?>
<!-- Generated by org.testng.reporters.JUnitXMLReporter -->
<testsuite ignored="0" hostname="DESKTOP-LHVEUFN" failures="0" tests="6" name="Test" time="194.526" errors="0" timestamp="2022-10-06T16:58:49 IST">
  <testcase classname="com.bobcares.testcases.TC1_MonthlyBilling_ServerManagementAndMonitoring" name="TC_1" time="33.484"/>
  <testcase classname="com.bobcares.testcases.TC3_MonthlyBilling_LimitelessServerManagement" name="TC3" time="22.18"/>
  <testcase classname="com.bobcares.testcases.TC2_YearlyBilling_ServerManagementAndMonitoring" name="TC_2" time="26.531"/>
  <testcase classname="com.bobcares.testcases.TC4_YearlyBilling_LimitelessServerManagement" name="TC4" time="23.01"/>
  <testcase classname="com.bobcares.testcases.TC5_supported_techologies_link" name="TC5" time="20.125"/>
  <testcase classname="com.bobcares.testcases.TC6_chatwithus_button" name="TC6" time="17.748"/>
</testsuite> <!-- Test -->
