<?xml version="1.0" encoding="UTF-8"?>
<!-- Generated by org.testng.reporters.JUnitXMLReporter -->
<testsuite ignored="0" hostname="DESKTOP-LHVEUFN" failures="0" tests="5" name="Test" time="61.904" errors="0" timestamp="2022-06-23T12:00:19 IST">
  <testcase classname="com.bobcares.testcases.TC1" name="tc1" time="2.142"/>
  <testcase classname="com.bobcares.testcases.DDT_TC" name="tc2" time="6.494"/>
  <testcase classname="com.bobcares.testcases.DDT_TC" name="tc2" time="5.471"/>
  <testcase classname="com.bobcares.testcases.DDT_TC" name="tc2" time="4.481"/>
  <testcase classname="com.bobcares.testcases.DDT_TC" name="tc2" time="4.725"/>
</testsuite> <!-- Test -->
