<?xml version="1.0" encoding="UTF-8"?>
<!-- Generated by org.testng.reporters.JUnitXMLReporter -->
<testsuite ignored="0" hostname="DESKTOP-LHVEUFN" failures="0" tests="2" name="Test" time="79.576" errors="0" timestamp="2022-07-05T15:59:15 IST">
  <testcase classname="com.bobcares.testcases.TC1_MonthlyBilling_ServerManagementAndMonitoring" name="TC_1" time="28.577"/>
  <testcase classname="com.bobcares.testcases.TC2_YearlyBilling_ServerManagementAndMonitoring" name="TC_2" time="28.301"/>
</testsuite> <!-- Test -->
