# JRE version: OpenJDK Runtime Environment Temurin-17.0.1+12 (17.0.1+12) (build 17.0.1+12)
# Java VM: OpenJDK 64-Bit Server VM Temurin-17.0.1+12 (17.0.1+12, mixed mode, tiered, compressed oops, compressed class ptrs, g1 gc, windows-amd64)
GC Precious Log:
 CPUs: 4 total, 4 available
 Memory: 3990M
 Large Page Support: Disabled
 NUMA Support: Disabled
 Compressed Oops: Enabled (32-bit)
 Heap Region Size: 1M
 Heap Min Capacity: 8M
 Heap Initial Capacity: 64M
 Heap Max Capacity: 998M
 Pre-touch: Disabled
 Parallel Workers: 4
 Concurrent Workers: 1
 Concurrent Refinement Workers: 4
 Periodic GC: Disabled
Heap:
 garbage-first heap   total 154624K, used 55564K [0x00000000c1a00000, 0x0000000100000000)
  region size 1024K, 35 young (35840K), 2 survivors (2048K)
 Metaspace       used 33857K, committed 34112K, reserved 1081344K
  class space    used 3791K, committed 3904K, reserved 1048576K
GC Heap History (16 events):
Event: 0.874 GC heap before
{Heap before GC invocations=0 (full 0):
 garbage-first heap   total 65536K, used 19456K [0x00000000c1a00000, 0x0000000100000000)
  region size 1024K, 13 young (13312K), 0 survivors (0K)
 Metaspace       used 8867K, committed 9088K, reserved 1056768K
  class space    used 782K, committed 896K, reserved 1048576K
}
Event: 0.890 GC heap after
{Heap after GC invocations=1 (full 0):
 garbage-first heap   total 65536K, used 15236K [0x00000000c1a00000, 0x0000000100000000)
  region size 1024K, 2 young (2048K), 2 survivors (2048K)
 Metaspace       used 8867K, committed 9088K, reserved 1056768K
  class space    used 782K, committed 896K, reserved 1048576K
}
Event: 1.362 GC heap before
{Heap before GC invocations=1 (full 0):
 garbage-first heap   total 65536K, used 20356K [0x00000000c1a00000, 0x0000000100000000)
  region size 1024K, 8 young (8192K), 2 survivors (2048K)
 Metaspace       used 13266K, committed 13376K, reserved 1064960K
  class space    used 1272K, committed 1344K, reserved 1048576K
}
Event: 1.369 GC heap after
{Heap after GC invocations=2 (full 0):
 garbage-first heap   total 65536K, used 16796K [0x00000000c1a00000, 0x0000000100000000)
  region size 1024K, 1 young (1024K), 1 survivors (1024K)
 Metaspace       used 13266K, committed 13376K, reserved 1064960K
  class space    used 1272K, committed 1344K, reserved 1048576K
}
Event: 2.305 GC heap before
{Heap before GC invocations=2 (full 0):
 garbage-first heap   total 65536K, used 30108K [0x00000000c1a00000, 0x0000000100000000)
  region size 1024K, 15 young (15360K), 1 survivors (1024K)
 Metaspace       used 18668K, committed 18816K, reserved 1073152K
  class space    used 1886K, committed 1984K, reserved 1048576K
}
Event: 2.310 GC heap after
{Heap after GC invocations=3 (full 0):
 garbage-first heap   total 65536K, used 18575K [0x00000000c1a00000, 0x0000000100000000)
  region size 1024K, 2 young (2048K), 2 survivors (2048K)
 Metaspace       used 18668K, committed 18816K, reserved 1073152K
  class space    used 1886K, committed 1984K, reserved 1048576K
}
Event: 2.735 GC heap before
{Heap before GC invocations=3 (full 0):
 garbage-first heap   total 65536K, used 25743K [0x00000000c1a00000, 0x0000000100000000)
  region size 1024K, 11 young (11264K), 2 survivors (2048K)
 Metaspace       used 21371K, committed 21504K, reserved 1073152K
  class space    used 2155K, committed 2240K, reserved 1048576K
}
Event: 2.741 GC heap after
{Heap after GC invocations=4 (full 0):
 garbage-first heap   total 65536K, used 19445K [0x00000000c1a00000, 0x0000000100000000)
  region size 1024K, 3 young (3072K), 3 survivors (3072K)
 Metaspace       used 21371K, committed 21504K, reserved 1073152K
  class space    used 2155K, committed 2240K, reserved 1048576K
}
Event: 3.346 GC heap before
{Heap before GC invocations=5 (full 0):
 garbage-first heap   total 65536K, used 39925K [0x00000000c1a00000, 0x0000000100000000)
  region size 1024K, 23 young (23552K), 3 survivors (3072K)
 Metaspace       used 25884K, committed 25984K, reserved 1073152K
  class space    used 2699K, committed 2752K, reserved 1048576K
}
Event: 3.352 GC heap after
{Heap after GC invocations=6 (full 0):
 garbage-first heap   total 65536K, used 21238K [0x00000000c1a00000, 0x0000000100000000)
  region size 1024K, 3 young (3072K), 3 survivors (3072K)
 Metaspace       used 25884K, committed 25984K, reserved 1073152K
  class space    used 2699K, committed 2752K, reserved 1048576K
}
Event: 3.354 GC heap before
{Heap before GC invocations=6 (full 0):
 garbage-first heap   total 65536K, used 22262K [0x00000000c1a00000, 0x0000000100000000)
  region size 1024K, 4 young (4096K), 3 survivors (3072K)
 Metaspace       used 25887K, committed 26048K, reserved 1073152K
  class space    used 2699K, committed 2752K, reserved 1048576K
}
Event: 3.358 GC heap after
{Heap after GC invocations=7 (full 0):
 garbage-first heap   total 65536K, used 21174K [0x00000000c1a00000, 0x0000000100000000)
  region size 1024K, 1 young (1024K), 1 survivors (1024K)
 Metaspace       used 25887K, committed 26048K, reserved 1073152K
  class space    used 2699K, committed 2752K, reserved 1048576K
}
Event: 3.388 GC heap before
{Heap before GC invocations=7 (full 0):
 garbage-first heap   total 65536K, used 40630K [0x00000000c1a00000, 0x0000000100000000)
  region size 1024K, 20 young (20480K), 1 survivors (1024K)
 Metaspace       used 25887K, committed 26048K, reserved 1073152K
  class space    used 2699K, committed 2752K, reserved 1048576K
}
Event: 3.389 GC heap after
{Heap after GC invocations=8 (full 0):
 garbage-first heap   total 65536K, used 21468K [0x00000000c1a00000, 0x0000000100000000)
  region size 1024K, 1 young (1024K), 1 survivors (1024K)
 Metaspace       used 25887K, committed 26048K, reserved 1073152K
  class space    used 2699K, committed 2752K, reserved 1048576K
}
Event: 3.675 GC heap before
{Heap before GC invocations=8 (full 0):
 garbage-first heap   total 65536K, used 42972K [0x00000000c1a00000, 0x0000000100000000)
  region size 1024K, 22 young (22528K), 1 survivors (1024K)
 Metaspace       used 27601K, committed 27776K, reserved 1081344K
  class space    used 2940K, committed 3008K, reserved 1048576K
}
Event: 3.679 GC heap after
{Heap after GC invocations=9 (full 0):
 garbage-first heap   total 154624K, used 22796K [0x00000000c1a00000, 0x0000000100000000)
  region size 1024K, 2 young (2048K), 2 survivors (2048K)
 Metaspace       used 27601K, committed 27776K, reserved 1081344K
  class space    used 2940K, committed 3008K, reserved 1048576K
}

