<?xml version="1.0" encoding="UTF-8"?>
<testng-results ignored="0" total="8" passed="4" failed="4" skipped="0">
  <reporter-output>
  </reporter-output>
  <suite started-at="2022-11-22T17:41:45 IST" name="functional" finished-at="2022-11-22T17:45:09 IST" duration-ms="203945">
    <groups>
    </groups>
    <test started-at="2022-11-22T17:41:45 IST" name="Test" finished-at="2022-11-22T17:45:09 IST" duration-ms="203945">
      <class name="com.bobcares.testcases.TC8_submit_btn_check">
        <test-method is-config="true" signature="setup(java.lang.String)[pri:0, instance:com.bobcares.testcases.TC8_submit_btn_check@2e8c1c9b]" started-at="2022-11-22T17:44:46 IST" name="setup" finished-at="2022-11-22T17:44:50 IST" duration-ms="3817" status="PASS">
          <params>
            <param index="0">
              <value>
                <![CDATA[firefox]]>
              </value>
            </param>
          </params>
          <reporter-output>
          </reporter-output>
        </test-method> <!-- setup -->
        <test-method signature="TC8()[pri:0, instance:com.bobcares.testcases.TC8_submit_btn_check@2e8c1c9b]" started-at="2022-11-22T17:44:50 IST" name="TC8" finished-at="2022-11-22T17:45:08 IST" duration-ms="18718" status="PASS">
          <reporter-output>
          </reporter-output>
        </test-method> <!-- TC8 -->
        <test-method is-config="true" signature="tearDown()[pri:0, instance:com.bobcares.testcases.TC8_submit_btn_check@2e8c1c9b]" started-at="2022-11-22T17:45:08 IST" name="tearDown" finished-at="2022-11-22T17:45:09 IST" duration-ms="843" status="PASS">
          <reporter-output>
          </reporter-output>
        </test-method> <!-- tearDown -->
      </class> <!-- com.bobcares.testcases.TC8_submit_btn_check -->
      <class name="com.bobcares.testcases.TC4_YearlyBilling_LimitelessServerManagement">
        <test-method is-config="true" signature="setup(java.lang.String)[pri:0, instance:com.bobcares.testcases.TC4_YearlyBilling_LimitelessServerManagement@6d4d66d2]" started-at="2022-11-22T17:43:06 IST" name="setup" finished-at="2022-11-22T17:43:11 IST" duration-ms="4879" status="PASS">
          <params>
            <param index="0">
              <value>
                <![CDATA[firefox]]>
              </value>
            </param>
          </params>
          <reporter-output>
          </reporter-output>
        </test-method> <!-- setup -->
        <test-method signature="TC4()[pri:0, instance:com.bobcares.testcases.TC4_YearlyBilling_LimitelessServerManagement@6d4d66d2]" started-at="2022-11-22T17:43:11 IST" name="TC4" finished-at="2022-11-22T17:43:33 IST" duration-ms="22265" status="FAIL">
          <exception class="java.lang.Exception">
            <full-stacktrace>
              <![CDATA[java.lang.Exception
at com.bobcares.testcases.TC4_YearlyBilling_LimitelessServerManagement.TC4(TC4_YearlyBilling_LimitelessServerManagement.java:46)
at java.base/jdk.internal.reflect.NativeMethodAccessorImpl.invoke0(Native Method)
at java.base/jdk.internal.reflect.NativeMethodAccessorImpl.invoke(NativeMethodAccessorImpl.java:77)
at java.base/jdk.internal.reflect.DelegatingMethodAccessorImpl.invoke(DelegatingMethodAccessorImpl.java:43)
at java.base/java.lang.reflect.Method.invoke(Method.java:568)
at org.testng.internal.MethodInvocationHelper.invokeMethod(MethodInvocationHelper.java:133)
at org.testng.internal.TestInvoker.invokeMethod(TestInvoker.java:598)
at org.testng.internal.TestInvoker.invokeTestMethod(TestInvoker.java:173)
at org.testng.internal.MethodRunner.runInSequence(MethodRunner.java:46)
at org.testng.internal.TestInvoker$MethodInvocationAgent.invoke(TestInvoker.java:824)
at org.testng.internal.TestInvoker.invokeTestMethods(TestInvoker.java:146)
at org.testng.internal.TestMethodWorker.invokeTestMethods(TestMethodWorker.java:146)
at org.testng.internal.TestMethodWorker.run(TestMethodWorker.java:128)
at java.base/java.util.ArrayList.forEach(ArrayList.java:1511)
at org.testng.TestRunner.privateRun(TestRunner.java:794)
at org.testng.TestRunner.run(TestRunner.java:596)
at org.testng.SuiteRunner.runTest(SuiteRunner.java:377)
at org.testng.SuiteRunner.runSequentially(SuiteRunner.java:371)
at org.testng.SuiteRunner.privateRun(SuiteRunner.java:332)
at org.testng.SuiteRunner.run(SuiteRunner.java:276)
at org.testng.SuiteRunnerWorker.runSuite(SuiteRunnerWorker.java:53)
at org.testng.SuiteRunnerWorker.run(SuiteRunnerWorker.java:96)
at org.testng.TestNG.runSuitesSequentially(TestNG.java:1212)
at org.testng.TestNG.runSuitesLocally(TestNG.java:1134)
at org.testng.TestNG.runSuites(TestNG.java:1063)
at org.testng.TestNG.run(TestNG.java:1031)
at org.testng.remote.AbstractRemoteTestNG.run(AbstractRemoteTestNG.java:115)
at org.testng.remote.RemoteTestNG.initAndRun(RemoteTestNG.java:251)
at org.testng.remote.RemoteTestNG.main(RemoteTestNG.java:77)
]]>
            </full-stacktrace>
          </exception> <!-- java.lang.Exception -->
          <reporter-output>
          </reporter-output>
        </test-method> <!-- TC4 -->
        <test-method is-config="true" signature="tearDown()[pri:0, instance:com.bobcares.testcases.TC4_YearlyBilling_LimitelessServerManagement@6d4d66d2]" started-at="2022-11-22T17:43:33 IST" name="tearDown" finished-at="2022-11-22T17:43:34 IST" duration-ms="775" status="PASS">
          <reporter-output>
          </reporter-output>
        </test-method> <!-- tearDown -->
      </class> <!-- com.bobcares.testcases.TC4_YearlyBilling_LimitelessServerManagement -->
      <class name="com.bobcares.testcases.TC2_YearlyBilling_ServerManagementAndMonitoring">
        <test-method is-config="true" signature="setup(java.lang.String)[pri:0, instance:com.bobcares.testcases.TC2_YearlyBilling_ServerManagementAndMonitoring@54c5a2ff]" started-at="2022-11-22T17:42:44 IST" name="setup" finished-at="2022-11-22T17:42:48 IST" duration-ms="4113" status="PASS">
          <params>
            <param index="0">
              <value>
                <![CDATA[firefox]]>
              </value>
            </param>
          </params>
          <reporter-output>
          </reporter-output>
        </test-method> <!-- setup -->
        <test-method signature="TC_2()[pri:0, instance:com.bobcares.testcases.TC2_YearlyBilling_ServerManagementAndMonitoring@54c5a2ff]" started-at="2022-11-22T17:42:48 IST" name="TC_2" finished-at="2022-11-22T17:43:05 IST" duration-ms="17257" status="FAIL">
          <exception class="java.lang.Exception">
            <full-stacktrace>
              <![CDATA[java.lang.Exception
at com.bobcares.testcases.TC2_YearlyBilling_ServerManagementAndMonitoring.TC_2(TC2_YearlyBilling_ServerManagementAndMonitoring.java:41)
at java.base/jdk.internal.reflect.NativeMethodAccessorImpl.invoke0(Native Method)
at java.base/jdk.internal.reflect.NativeMethodAccessorImpl.invoke(NativeMethodAccessorImpl.java:77)
at java.base/jdk.internal.reflect.DelegatingMethodAccessorImpl.invoke(DelegatingMethodAccessorImpl.java:43)
at java.base/java.lang.reflect.Method.invoke(Method.java:568)
at org.testng.internal.MethodInvocationHelper.invokeMethod(MethodInvocationHelper.java:133)
at org.testng.internal.TestInvoker.invokeMethod(TestInvoker.java:598)
at org.testng.internal.TestInvoker.invokeTestMethod(TestInvoker.java:173)
at org.testng.internal.MethodRunner.runInSequence(MethodRunner.java:46)
at org.testng.internal.TestInvoker$MethodInvocationAgent.invoke(TestInvoker.java:824)
at org.testng.internal.TestInvoker.invokeTestMethods(TestInvoker.java:146)
at org.testng.internal.TestMethodWorker.invokeTestMethods(TestMethodWorker.java:146)
at org.testng.internal.TestMethodWorker.run(TestMethodWorker.java:128)
at java.base/java.util.ArrayList.forEach(ArrayList.java:1511)
at org.testng.TestRunner.privateRun(TestRunner.java:794)
at org.testng.TestRunner.run(TestRunner.java:596)
at org.testng.SuiteRunner.runTest(SuiteRunner.java:377)
at org.testng.SuiteRunner.runSequentially(SuiteRunner.java:371)
at org.testng.SuiteRunner.privateRun(SuiteRunner.java:332)
at org.testng.SuiteRunner.run(SuiteRunner.java:276)
at org.testng.SuiteRunnerWorker.runSuite(SuiteRunnerWorker.java:53)
at org.testng.SuiteRunnerWorker.run(SuiteRunnerWorker.java:96)
at org.testng.TestNG.runSuitesSequentially(TestNG.java:1212)
at org.testng.TestNG.runSuitesLocally(TestNG.java:1134)
at org.testng.TestNG.runSuites(TestNG.java:1063)
at org.testng.TestNG.run(TestNG.java:1031)
at org.testng.remote.AbstractRemoteTestNG.run(AbstractRemoteTestNG.java:115)
at org.testng.remote.RemoteTestNG.initAndRun(RemoteTestNG.java:251)
at org.testng.remote.RemoteTestNG.main(RemoteTestNG.java:77)
]]>
            </full-stacktrace>
          </exception> <!-- java.lang.Exception -->
          <reporter-output>
          </reporter-output>
        </test-method> <!-- TC_2 -->
        <test-method is-config="true" signature="tearDown()[pri:0, instance:com.bobcares.testcases.TC2_YearlyBilling_ServerManagementAndMonitoring@54c5a2ff]" started-at="2022-11-22T17:43:05 IST" name="tearDown" finished-at="2022-11-22T17:43:06 IST" duration-ms="772" status="PASS">
          <reporter-output>
          </reporter-output>
        </test-method> <!-- tearDown -->
      </class> <!-- com.bobcares.testcases.TC2_YearlyBilling_ServerManagementAndMonitoring -->
      <class name="com.bobcares.testcases.TC3_MonthlyBilling_LimitelessServerManagement">
        <test-method is-config="true" signature="setup(java.lang.String)[pri:0, instance:com.bobcares.testcases.TC3_MonthlyBilling_LimitelessServerManagement@1ed4ae0f]" started-at="2022-11-22T17:42:16 IST" name="setup" finished-at="2022-11-22T17:42:21 IST" duration-ms="4866" status="PASS">
          <params>
            <param index="0">
              <value>
                <![CDATA[firefox]]>
              </value>
            </param>
          </params>
          <reporter-output>
          </reporter-output>
        </test-method> <!-- setup -->
        <test-method signature="TC3()[pri:0, instance:com.bobcares.testcases.TC3_MonthlyBilling_LimitelessServerManagement@1ed4ae0f]" started-at="2022-11-22T17:42:21 IST" name="TC3" finished-at="2022-11-22T17:42:43 IST" duration-ms="22484" status="FAIL">
          <exception class="java.lang.Exception">
            <full-stacktrace>
              <![CDATA[java.lang.Exception
at com.bobcares.testcases.TC3_MonthlyBilling_LimitelessServerManagement.TC3(TC3_MonthlyBilling_LimitelessServerManagement.java:52)
at java.base/jdk.internal.reflect.NativeMethodAccessorImpl.invoke0(Native Method)
at java.base/jdk.internal.reflect.NativeMethodAccessorImpl.invoke(NativeMethodAccessorImpl.java:77)
at java.base/jdk.internal.reflect.DelegatingMethodAccessorImpl.invoke(DelegatingMethodAccessorImpl.java:43)
at java.base/java.lang.reflect.Method.invoke(Method.java:568)
at org.testng.internal.MethodInvocationHelper.invokeMethod(MethodInvocationHelper.java:133)
at org.testng.internal.TestInvoker.invokeMethod(TestInvoker.java:598)
at org.testng.internal.TestInvoker.invokeTestMethod(TestInvoker.java:173)
at org.testng.internal.MethodRunner.runInSequence(MethodRunner.java:46)
at org.testng.internal.TestInvoker$MethodInvocationAgent.invoke(TestInvoker.java:824)
at org.testng.internal.TestInvoker.invokeTestMethods(TestInvoker.java:146)
at org.testng.internal.TestMethodWorker.invokeTestMethods(TestMethodWorker.java:146)
at org.testng.internal.TestMethodWorker.run(TestMethodWorker.java:128)
at java.base/java.util.ArrayList.forEach(ArrayList.java:1511)
at org.testng.TestRunner.privateRun(TestRunner.java:794)
at org.testng.TestRunner.run(TestRunner.java:596)
at org.testng.SuiteRunner.runTest(SuiteRunner.java:377)
at org.testng.SuiteRunner.runSequentially(SuiteRunner.java:371)
at org.testng.SuiteRunner.privateRun(SuiteRunner.java:332)
at org.testng.SuiteRunner.run(SuiteRunner.java:276)
at org.testng.SuiteRunnerWorker.runSuite(SuiteRunnerWorker.java:53)
at org.testng.SuiteRunnerWorker.run(SuiteRunnerWorker.java:96)
at org.testng.TestNG.runSuitesSequentially(TestNG.java:1212)
at org.testng.TestNG.runSuitesLocally(TestNG.java:1134)
at org.testng.TestNG.runSuites(TestNG.java:1063)
at org.testng.TestNG.run(TestNG.java:1031)
at org.testng.remote.AbstractRemoteTestNG.run(AbstractRemoteTestNG.java:115)
at org.testng.remote.RemoteTestNG.initAndRun(RemoteTestNG.java:251)
at org.testng.remote.RemoteTestNG.main(RemoteTestNG.java:77)
]]>
            </full-stacktrace>
          </exception> <!-- java.lang.Exception -->
          <reporter-output>
          </reporter-output>
        </test-method> <!-- TC3 -->
        <test-method is-config="true" signature="tearDown()[pri:0, instance:com.bobcares.testcases.TC3_MonthlyBilling_LimitelessServerManagement@1ed4ae0f]" started-at="2022-11-22T17:42:43 IST" name="tearDown" finished-at="2022-11-22T17:42:44 IST" duration-ms="883" status="PASS">
          <reporter-output>
          </reporter-output>
        </test-method> <!-- tearDown -->
      </class> <!-- com.bobcares.testcases.TC3_MonthlyBilling_LimitelessServerManagement -->
      <class name="com.bobcares.testcases.TC7_Ask_a_question">
        <test-method is-config="true" signature="setup(java.lang.String)[pri:0, instance:com.bobcares.testcases.TC7_Ask_a_question@6892b3b6]" started-at="2022-11-22T17:44:24 IST" name="setup" finished-at="2022-11-22T17:44:28 IST" duration-ms="3807" status="PASS">
          <params>
            <param index="0">
              <value>
                <![CDATA[firefox]]>
              </value>
            </param>
          </params>
          <reporter-output>
          </reporter-output>
        </test-method> <!-- setup -->
        <test-method signature="TC7()[pri:0, instance:com.bobcares.testcases.TC7_Ask_a_question@6892b3b6]" started-at="2022-11-22T17:44:28 IST" name="TC7" finished-at="2022-11-22T17:44:45 IST" duration-ms="17518" status="PASS">
          <reporter-output>
          </reporter-output>
        </test-method> <!-- TC7 -->
        <test-method is-config="true" signature="tearDown()[pri:0, instance:com.bobcares.testcases.TC7_Ask_a_question@6892b3b6]" started-at="2022-11-22T17:44:45 IST" name="tearDown" finished-at="2022-11-22T17:44:46 IST" duration-ms="756" status="PASS">
          <reporter-output>
          </reporter-output>
        </test-method> <!-- tearDown -->
      </class> <!-- com.bobcares.testcases.TC7_Ask_a_question -->
      <class name="com.bobcares.testcases.TC5_supported_techologies_link">
        <test-method is-config="true" signature="setup(java.lang.String)[pri:0, instance:com.bobcares.testcases.TC5_supported_techologies_link@2a265ea9]" started-at="2022-11-22T17:43:34 IST" name="setup" finished-at="2022-11-22T17:43:39 IST" duration-ms="4843" status="PASS">
          <params>
            <param index="0">
              <value>
                <![CDATA[firefox]]>
              </value>
            </param>
          </params>
          <reporter-output>
          </reporter-output>
        </test-method> <!-- setup -->
        <test-method signature="TC5()[pri:0, instance:com.bobcares.testcases.TC5_supported_techologies_link@2a265ea9]" started-at="2022-11-22T17:43:39 IST" name="TC5" finished-at="2022-11-22T17:43:59 IST" duration-ms="20469" status="PASS">
          <reporter-output>
          </reporter-output>
        </test-method> <!-- TC5 -->
        <test-method is-config="true" signature="tearDown()[pri:0, instance:com.bobcares.testcases.TC5_supported_techologies_link@2a265ea9]" started-at="2022-11-22T17:43:59 IST" name="tearDown" finished-at="2022-11-22T17:44:00 IST" duration-ms="857" status="PASS">
          <reporter-output>
          </reporter-output>
        </test-method> <!-- tearDown -->
      </class> <!-- com.bobcares.testcases.TC5_supported_techologies_link -->
      <class name="com.bobcares.testcases.TC1_MonthlyBilling_ServerManagementAndMonitoring">
        <test-method is-config="true" signature="setup(java.lang.String)[pri:0, instance:com.bobcares.testcases.TC1_MonthlyBilling_ServerManagementAndMonitoring@298a5e20]" started-at="2022-11-22T17:41:46 IST" name="setup" finished-at="2022-11-22T17:41:52 IST" duration-ms="6891" status="PASS">
          <params>
            <param index="0">
              <value>
                <![CDATA[firefox]]>
              </value>
            </param>
          </params>
          <reporter-output>
          </reporter-output>
        </test-method> <!-- setup -->
        <test-method signature="TC_1()[pri:0, instance:com.bobcares.testcases.TC1_MonthlyBilling_ServerManagementAndMonitoring@298a5e20]" started-at="2022-11-22T17:41:52 IST" name="TC_1" finished-at="2022-11-22T17:42:15 IST" duration-ms="22536" status="FAIL">
          <exception class="java.lang.Exception">
            <full-stacktrace>
              <![CDATA[java.lang.Exception
at com.bobcares.testcases.TC1_MonthlyBilling_ServerManagementAndMonitoring.TC_1(TC1_MonthlyBilling_ServerManagementAndMonitoring.java:52)
at java.base/jdk.internal.reflect.NativeMethodAccessorImpl.invoke0(Native Method)
at java.base/jdk.internal.reflect.NativeMethodAccessorImpl.invoke(NativeMethodAccessorImpl.java:77)
at java.base/jdk.internal.reflect.DelegatingMethodAccessorImpl.invoke(DelegatingMethodAccessorImpl.java:43)
at java.base/java.lang.reflect.Method.invoke(Method.java:568)
at org.testng.internal.MethodInvocationHelper.invokeMethod(MethodInvocationHelper.java:133)
at org.testng.internal.TestInvoker.invokeMethod(TestInvoker.java:598)
at org.testng.internal.TestInvoker.invokeTestMethod(TestInvoker.java:173)
at org.testng.internal.MethodRunner.runInSequence(MethodRunner.java:46)
at org.testng.internal.TestInvoker$MethodInvocationAgent.invoke(TestInvoker.java:824)
at org.testng.internal.TestInvoker.invokeTestMethods(TestInvoker.java:146)
at org.testng.internal.TestMethodWorker.invokeTestMethods(TestMethodWorker.java:146)
at org.testng.internal.TestMethodWorker.run(TestMethodWorker.java:128)
at java.base/java.util.ArrayList.forEach(ArrayList.java:1511)
at org.testng.TestRunner.privateRun(TestRunner.java:794)
at org.testng.TestRunner.run(TestRunner.java:596)
at org.testng.SuiteRunner.runTest(SuiteRunner.java:377)
at org.testng.SuiteRunner.runSequentially(SuiteRunner.java:371)
at org.testng.SuiteRunner.privateRun(SuiteRunner.java:332)
at org.testng.SuiteRunner.run(SuiteRunner.java:276)
at org.testng.SuiteRunnerWorker.runSuite(SuiteRunnerWorker.java:53)
at org.testng.SuiteRunnerWorker.run(SuiteRunnerWorker.java:96)
at org.testng.TestNG.runSuitesSequentially(TestNG.java:1212)
at org.testng.TestNG.runSuitesLocally(TestNG.java:1134)
at org.testng.TestNG.runSuites(TestNG.java:1063)
at org.testng.TestNG.run(TestNG.java:1031)
at org.testng.remote.AbstractRemoteTestNG.run(AbstractRemoteTestNG.java:115)
at org.testng.remote.RemoteTestNG.initAndRun(RemoteTestNG.java:251)
at org.testng.remote.RemoteTestNG.main(RemoteTestNG.java:77)
]]>
            </full-stacktrace>
          </exception> <!-- java.lang.Exception -->
          <reporter-output>
          </reporter-output>
        </test-method> <!-- TC_1 -->
        <test-method is-config="true" signature="tearDown()[pri:0, instance:com.bobcares.testcases.TC1_MonthlyBilling_ServerManagementAndMonitoring@298a5e20]" started-at="2022-11-22T17:42:15 IST" name="tearDown" finished-at="2022-11-22T17:42:16 IST" duration-ms="772" status="PASS">
          <reporter-output>
          </reporter-output>
        </test-method> <!-- tearDown -->
      </class> <!-- com.bobcares.testcases.TC1_MonthlyBilling_ServerManagementAndMonitoring -->
      <class name="com.bobcares.testcases.TC6_chatwithus_button">
        <test-method is-config="true" signature="setup(java.lang.String)[pri:0, instance:com.bobcares.testcases.TC6_chatwithus_button@11392934]" started-at="2022-11-22T17:44:00 IST" name="setup" finished-at="2022-11-22T17:44:05 IST" duration-ms="4882" status="PASS">
          <params>
            <param index="0">
              <value>
                <![CDATA[firefox]]>
              </value>
            </param>
          </params>
          <reporter-output>
          </reporter-output>
        </test-method> <!-- setup -->
        <test-method signature="TC6()[pri:0, instance:com.bobcares.testcases.TC6_chatwithus_button@11392934]" started-at="2022-11-22T17:44:05 IST" name="TC6" finished-at="2022-11-22T17:44:23 IST" duration-ms="17774" status="PASS">
          <reporter-output>
          </reporter-output>
        </test-method> <!-- TC6 -->
        <test-method is-config="true" signature="tearDown()[pri:0, instance:com.bobcares.testcases.TC6_chatwithus_button@11392934]" started-at="2022-11-22T17:44:23 IST" name="tearDown" finished-at="2022-11-22T17:44:24 IST" duration-ms="865" status="PASS">
          <reporter-output>
          </reporter-output>
        </test-method> <!-- tearDown -->
      </class> <!-- com.bobcares.testcases.TC6_chatwithus_button -->
    </test> <!-- Test -->
  </suite> <!-- functional -->
</testng-results>
