<?xml version="1.0" encoding="UTF-8"?>
<!-- Generated by org.testng.reporters.JUnitXMLReporter -->
<testsuite ignored="0" hostname="DESKTOP-LHVEUFN" failures="2" tests="30" name="Test" time="711.042" errors="0" timestamp="2022-06-23T10:16:40 IST">
  <testcase classname="TC.stage_4_class1" name="f1" time="14.145"/>
  <testcase classname="TC.stage_4_class1" name="f2" time="23.289"/>
  <testcase classname="TC.stage_4_class1" name="f4" time="23.214"/>
  <testcase classname="TC.stage_4_class1" name="f3" time="19.697"/>
  <testcase classname="TC.stage_4_class1" name="f5" time="19.241"/>
  <testcase classname="TC.stage_4_class1" name="f6" time="15.804"/>
  <testcase classname="TC.stage_4_class1" name="f7" time="19.314"/>
  <testcase classname="TC.stage_4_class1" name="f8" time="17.343">
    <failure type="java.lang.Exception">
      <![CDATA[java.lang.Exception
at TC.stage_4_class1.f8(stage_4_class1.java:485)
at java.base/java.util.ArrayList.forEach(ArrayList.java:1511)
... Removed 27 stack frames]]>
    </failure>
  </testcase> <!-- f8 -->
  <testcase classname="TC.stage_4_class1" name="f9" time="21.706">
    <failure type="java.lang.Exception">
      <![CDATA[java.lang.Exception
at TC.stage_4_class1.f9(stage_4_class1.java:583)
at java.base/java.util.ArrayList.forEach(ArrayList.java:1511)
... Removed 27 stack frames]]>
    </failure>
  </testcase> <!-- f9 -->
  <testcase classname="TC.stage_4_class1" name="f10" time="31.05"/>
  <testcase classname="TC.stage_4_class1" name="f11" time="29.997"/>
  <testcase classname="TC.stage_4_class1" name="f12" time="27.217"/>
  <testcase classname="TC.stage_4_class1" name="f13" time="18.253"/>
  <testcase classname="TC.stage_4_class1" name="f14" time="30.751"/>
  <testcase classname="TC.stage_4_class1" name="f16" time="30.27"/>
  <testcase classname="TC.stage_4_class1" name="f15" time="24.941"/>
  <testcase classname="TC.stage_4_class1" name="f17" time="16.908"/>
  <testcase classname="TC.stage_4_class1" name="f18" time="17.765"/>
  <testcase classname="TC.stage_4_class1" name="f19" time="21.318"/>
  <testcase classname="TC.stage_4_class1" name="f20" time="28.741"/>
  <testcase classname="TC.stage_4_class1" name="f22" time="31.802"/>
  <testcase classname="TC.stage_4_class1" name="f21" time="28.362"/>
  <testcase classname="TC.stage_4_class1" name="f23" time="22.854"/>
  <testcase classname="TC.stage_4_class1" name="f24" time="32.76"/>
  <testcase classname="TC.stage_4_class1" name="f25" time="25.211"/>
  <testcase classname="TC.stage_4_class1" name="f26" time="18.297"/>
  <testcase classname="TC.stage_4_class1" name="f27" time="18.161"/>
  <testcase classname="TC.stage_4_class1" name="f28" time="25.926"/>
  <testcase classname="TC.stage_4_class1" name="f29" time="20.006"/>
  <testcase classname="TC.stage_4_class1" name="f30" time="36.567"/>
</testsuite> <!-- Test -->
