<?xml version="1.0" encoding="UTF-8"?>
<!-- Generated by org.testng.reporters.JUnitXMLReporter -->
<testsuite ignored="0" hostname="DESKTOP-LHVEUFN" failures="2" tests="30" name="Test" time="854.284" errors="0" timestamp="2022-10-04T10:13:20 IST">
  <testcase classname="TC.stage_4_class1" name="f1" time="148.334"/>
  <testcase classname="TC.stage_4_class1" name="f2" time="23.995"/>
  <testcase classname="TC.stage_4_class1" name="f4" time="24.945"/>
  <testcase classname="TC.stage_4_class1" name="f3" time="19.578"/>
  <testcase classname="TC.stage_4_class1" name="f5" time="19.45"/>
  <testcase classname="TC.stage_4_class1" name="f6" time="16.223"/>
  <testcase classname="TC.stage_4_class1" name="f7" time="20.366"/>
  <testcase classname="TC.stage_4_class1" name="f8" time="17.367">
    <failure type="java.lang.Exception">
      <![CDATA[java.lang.Exception
at TC.stage_4_class1.f8(stage_4_class1.java:485)
at java.base/java.util.ArrayList.forEach(ArrayList.java:1511)
... Removed 27 stack frames]]>
    </failure>
  </testcase> <!-- f8 -->
  <testcase classname="TC.stage_4_class1" name="f9" time="22.284">
    <failure type="java.lang.Exception">
      <![CDATA[java.lang.Exception
at TC.stage_4_class1.f9(stage_4_class1.java:583)
at java.base/java.util.ArrayList.forEach(ArrayList.java:1511)
... Removed 27 stack frames]]>
    </failure>
  </testcase> <!-- f9 -->
  <testcase classname="TC.stage_4_class1" name="f10" time="31.369"/>
  <testcase classname="TC.stage_4_class1" name="f11" time="30.553"/>
  <testcase classname="TC.stage_4_class1" name="f12" time="26.963"/>
  <testcase classname="TC.stage_4_class1" name="f13" time="18.55"/>
  <testcase classname="TC.stage_4_class1" name="f14" time="31.13"/>
  <testcase classname="TC.stage_4_class1" name="f16" time="29.967"/>
  <testcase classname="TC.stage_4_class1" name="f15" time="24.985"/>
  <testcase classname="TC.stage_4_class1" name="f17" time="17.405"/>
  <testcase classname="TC.stage_4_class1" name="f18" time="17.898"/>
  <testcase classname="TC.stage_4_class1" name="f19" time="21.455"/>
  <testcase classname="TC.stage_4_class1" name="f20" time="28.664"/>
  <testcase classname="TC.stage_4_class1" name="f22" time="32.5"/>
  <testcase classname="TC.stage_4_class1" name="f21" time="28.692"/>
  <testcase classname="TC.stage_4_class1" name="f23" time="23.068"/>
  <testcase classname="TC.stage_4_class1" name="f24" time="33.175"/>
  <testcase classname="TC.stage_4_class1" name="f25" time="25.791"/>
  <testcase classname="TC.stage_4_class1" name="f26" time="18.572"/>
  <testcase classname="TC.stage_4_class1" name="f27" time="18.845"/>
  <testcase classname="TC.stage_4_class1" name="f28" time="24.861"/>
  <testcase classname="TC.stage_4_class1" name="f29" time="20.465"/>
  <testcase classname="TC.stage_4_class1" name="f30" time="36.685"/>
</testsuite> <!-- Test -->
