<?xml version="1.0" encoding="UTF-8"?>
<testng-results ignored="0" total="1" passed="1" failed="0" skipped="0">
  <reporter-output>
  </reporter-output>
  <suite started-at="2022-11-29T10:21:40 IST" name="Default suite" finished-at="2022-11-29T10:22:08 IST" duration-ms="28598">
    <groups>
    </groups>
    <test started-at="2022-11-29T10:21:40 IST" name="Default test" finished-at="2022-11-29T10:22:08 IST" duration-ms="28598">
      <class name="com.bobcares.testcases.review_fetch">
        <test-method signature="f1()[pri:0, instance:com.bobcares.testcases.review_fetch@273e7444]" started-at="2022-11-29T10:21:40 IST" name="f1" finished-at="2022-11-29T10:22:08 IST" duration-ms="28549" status="PASS">
          <reporter-output>
          </reporter-output>
        </test-method> <!-- f1 -->
      </class> <!-- com.bobcares.testcases.review_fetch -->
    </test> <!-- Default test -->
  </suite> <!-- Default suite -->
</testng-results>
