<?xml version="1.0" encoding="UTF-8"?>
<!-- Generated by org.testng.reporters.JUnitXMLReporter -->
<testsuite ignored="0" hostname="DESKTOP-LHVEUFN" failures="4" tests="8" name="Test" time="203.945" errors="0" timestamp="2022-11-22T17:45:09 IST">
  <testcase classname="com.bobcares.testcases.TC1_MonthlyBilling_ServerManagementAndMonitoring" name="TC_1" time="22.536">
    <failure type="java.lang.Exception">
      <![CDATA[java.lang.Exception
at com.bobcares.testcases.TC1_MonthlyBilling_ServerManagementAndMonitoring.TC_1(TC1_MonthlyBilling_ServerManagementAndMonitoring.java:52)
at java.base/java.util.ArrayList.forEach(ArrayList.java:1511)
... Removed 27 stack frames]]>
    </failure>
  </testcase> <!-- TC_1 -->
  <testcase classname="com.bobcares.testcases.TC3_MonthlyBilling_LimitelessServerManagement" name="TC3" time="22.484">
    <failure type="java.lang.Exception">
      <![CDATA[java.lang.Exception
at com.bobcares.testcases.TC3_MonthlyBilling_LimitelessServerManagement.TC3(TC3_MonthlyBilling_LimitelessServerManagement.java:52)
at java.base/java.util.ArrayList.forEach(ArrayList.java:1511)
... Removed 27 stack frames]]>
    </failure>
  </testcase> <!-- TC3 -->
  <testcase classname="com.bobcares.testcases.TC2_YearlyBilling_ServerManagementAndMonitoring" name="TC_2" time="17.257">
    <failure type="java.lang.Exception">
      <![CDATA[java.lang.Exception
at com.bobcares.testcases.TC2_YearlyBilling_ServerManagementAndMonitoring.TC_2(TC2_YearlyBilling_ServerManagementAndMonitoring.java:41)
at java.base/java.util.ArrayList.forEach(ArrayList.java:1511)
... Removed 27 stack frames]]>
    </failure>
  </testcase> <!-- TC_2 -->
  <testcase classname="com.bobcares.testcases.TC4_YearlyBilling_LimitelessServerManagement" name="TC4" time="22.265">
    <failure type="java.lang.Exception">
      <![CDATA[java.lang.Exception
at com.bobcares.testcases.TC4_YearlyBilling_LimitelessServerManagement.TC4(TC4_YearlyBilling_LimitelessServerManagement.java:46)
at java.base/java.util.ArrayList.forEach(ArrayList.java:1511)
... Removed 27 stack frames]]>
    </failure>
  </testcase> <!-- TC4 -->
  <testcase classname="com.bobcares.testcases.TC5_supported_techologies_link" name="TC5" time="20.469"/>
  <testcase classname="com.bobcares.testcases.TC6_chatwithus_button" name="TC6" time="17.774"/>
  <testcase classname="com.bobcares.testcases.TC7_Ask_a_question" name="TC7" time="17.518"/>
  <testcase classname="com.bobcares.testcases.TC8_submit_btn_check" name="TC8" time="18.718"/>
</testsuite> <!-- Test -->
