<?xml version="1.0" encoding="UTF-8"?>
<!-- Generated by org.testng.reporters.JUnitXMLReporter -->
<testsuite ignored="0" hostname="DESKTOP-LHVEUFN" failures="1" tests="2" name="Test" time="77.289" errors="0" timestamp="2022-07-29T09:31:47 IST">
  <testcase classname="com.bobcares.testcases.TC1_MonthlyBilling_ServerManagementAndMonitoring" name="TC_1" time="42.834"/>
  <testcase classname="com.bobcares.testcases.TC3_MonthlyBilling_LimitelessServerManagement" name="TC3" time="17.87">
    <failure type="java.lang.Exception">
      <![CDATA[java.lang.Exception
at com.bobcares.testcases.TC3_MonthlyBilling_LimitelessServerManagement.TC3(TC3_MonthlyBilling_LimitelessServerManagement.java:39)
at java.base/java.util.ArrayList.forEach(ArrayList.java:1511)
... Removed 27 stack frames]]>
    </failure>
  </testcase> <!-- TC3 -->
</testsuite> <!-- Test -->
